\BOOKMARK [0][-]{chapter.1}{\376\377\000R\000e\000a\000d\000M\000e}{}% 1
\BOOKMARK [0][-]{chapter.2}{\376\377\000A\000P\000I}{}% 2
\BOOKMARK [1][-]{section.2.1}{\376\377\000e\000p\000\137\000b\000o\000l\000f\000i}{chapter.2}% 3
\BOOKMARK [2][-]{subsection.2.1.1}{\376\377\000e\000p\000\137\000b\000o\000l\000f\000i\000.\000k\000a\000d\000i\000\137\000t\000o\000o\000l\000s}{section.2.1}% 4
\BOOKMARK [3][-]{subsubsection*.3}{\376\377\000e\000p\000\137\000b\000o\000l\000f\000i\000.\000k\000a\000d\000i\000\137\000t\000o\000o\000l\000s\000.\000c\000o\000l\000l\000e\000c\000t\000\137\000a\000n\000d\000\137\000f\000i\000t\000\137\000s\000p\000l\000i\000n\000e\000\137\000t\000o\000\137\000p\000a\000r\000a\000m\000e\000t\000e\000r\000i\000z\000a\000t\000i\000o\000n\000\137\000p\000o\000i\000n\000t\000s}{subsection.2.1.1}% 5
\BOOKMARK [4][-]{paragraph*.4}{\376\377\000e\000p\000\137\000b\000o\000l\000f\000i\000.\000k\000a\000d\000i\000\137\000t\000o\000o\000l\000s\000.\000c\000o\000l\000l\000e\000c\000t\000\137\000a\000n\000d\000\137\000f\000i\000t\000\137\000s\000p\000l\000i\000n\000e\000\137\000t\000o\000\137\000p\000a\000r\000a\000m\000e\000t\000e\000r\000i\000z\000a\000t\000i\000o\000n\000\137\000p\000o\000i\000n\000t\000s\000.\000g\000e\000t\000\137\000v\000a\000l\000i\000d\000\137\000f\000i\000l\000e\000n\000a\000m\000e}{subsubsection*.3}% 6
\BOOKMARK [3][-]{subsubsection*.6}{\376\377\000e\000p\000\137\000b\000o\000l\000f\000i\000.\000k\000a\000d\000i\000\137\000t\000o\000o\000l\000s\000.\000c\000o\000m\000b\000i\000n\000e\000\137\000m\000e\000a\000s\000u\000r\000e\000m\000e\000n\000t\000\137\000s\000e\000g\000m\000e\000n\000t\000s}{subsection.2.1.1}% 7
\BOOKMARK [4][-]{paragraph*.7}{\376\377\000e\000p\000\137\000b\000o\000l\000f\000i\000.\000k\000a\000d\000i\000\137\000t\000o\000o\000l\000s\000.\000c\000o\000m\000b\000i\000n\000e\000\137\000m\000e\000a\000s\000u\000r\000e\000m\000e\000n\000t\000\137\000s\000e\000g\000m\000e\000n\000t\000s\000.\000p\000e\000r\000f\000o\000r\000m\000\137\000c\000o\000m\000b\000i\000n\000a\000t\000i\000o\000n}{subsubsection*.6}% 8
\BOOKMARK [3][-]{subsubsection*.9}{\376\377\000e\000p\000\137\000b\000o\000l\000f\000i\000.\000k\000a\000d\000i\000\137\000t\000o\000o\000l\000s\000.\000c\000o\000n\000v\000e\000r\000t\000\137\000c\000s\000v\000\137\000t\000o\000\137\000p\000a\000r\000q\000u\000e\000t}{subsection.2.1.1}% 9
\BOOKMARK [3][-]{subsubsection*.10}{\376\377\000e\000p\000\137\000b\000o\000l\000f\000i\000.\000k\000a\000d\000i\000\137\000t\000o\000o\000l\000s\000.\000e\000i\000s\000\137\000p\000a\000r\000a\000m\000e\000t\000e\000r\000i\000z\000a\000t\000i\000o\000n}{subsection.2.1.1}% 10
\BOOKMARK [3][-]{subsubsection*.11}{\376\377\000e\000p\000\137\000b\000o\000l\000f\000i\000.\000k\000a\000d\000i\000\137\000t\000o\000o\000l\000s\000.\000e\000i\000s\000\137\000p\000r\000e\000p\000r\000o\000c\000e\000s\000s\000i\000n\000g}{subsection.2.1.1}% 11
\BOOKMARK [4][-]{paragraph*.12}{\376\377\000e\000p\000\137\000b\000o\000l\000f\000i\000.\000k\000a\000d\000i\000\137\000t\000o\000o\000l\000s\000.\000e\000i\000s\000\137\000p\000r\000e\000p\000r\000o\000c\000e\000s\000s\000i\000n\000g\000.\000e\000i\000s\000\137\000f\000e\000a\000t\000u\000r\000e\000\137\000v\000i\000s\000u\000a\000l\000i\000z\000e\000r}{subsubsection*.11}% 12
\BOOKMARK [4][-]{paragraph*.14}{\376\377\000e\000p\000\137\000b\000o\000l\000f\000i\000.\000k\000a\000d\000i\000\137\000t\000o\000o\000l\000s\000.\000e\000i\000s\000\137\000p\000r\000e\000p\000r\000o\000c\000e\000s\000s\000i\000n\000g\000.\000e\000i\000s\000\137\000f\000e\000a\000t\000u\000r\000e\000s}{subsubsection*.11}% 13
\BOOKMARK [4][-]{paragraph*.16}{\376\377\000e\000p\000\137\000b\000o\000l\000f\000i\000.\000k\000a\000d\000i\000\137\000t\000o\000o\000l\000s\000.\000e\000i\000s\000\137\000p\000r\000e\000p\000r\000o\000c\000e\000s\000s\000i\000n\000g\000.\000e\000i\000s\000\137\000f\000e\000a\000t\000u\000r\000e\000s\000\137\000b\000y\000\137\000s\000e\000g\000m\000e\000n\000t}{subsubsection*.11}% 14
\BOOKMARK [3][-]{subsubsection*.18}{\376\377\000e\000p\000\137\000b\000o\000l\000f\000i\000.\000k\000a\000d\000i\000\137\000t\000o\000o\000l\000s\000.\000e\000i\000s\000\137\000v\000i\000s\000u\000a\000l\000i\000z\000a\000t\000i\000o\000n}{subsection.2.1.1}% 15
\BOOKMARK [3][-]{subsubsection*.19}{\376\377\000e\000p\000\137\000b\000o\000l\000f\000i\000.\000k\000a\000d\000i\000\137\000t\000o\000o\000l\000s\000.\000e\000x\000t\000r\000a\000c\000t\000\137\000m\000e\000a\000s\000u\000r\000e\000m\000e\000n\000t\000\137\000p\000r\000o\000t\000o\000c\000o\000l}{subsection.2.1.1}% 16
\BOOKMARK [3][-]{subsubsection*.20}{\376\377\000e\000p\000\137\000b\000o\000l\000f\000i\000.\000k\000a\000d\000i\000\137\000t\000o\000o\000l\000s\000.\000e\000x\000t\000r\000a\000c\000t\000\137\000o\000c\000v\000\137\000c\000u\000r\000v\000e}{subsection.2.1.1}% 17
\BOOKMARK [3][-]{subsubsection*.21}{\376\377\000e\000p\000\137\000b\000o\000l\000f\000i\000.\000k\000a\000d\000i\000\137\000t\000o\000o\000l\000s\000.\000e\000x\000t\000r\000a\000c\000t\000\137\000o\000v\000e\000r\000p\000o\000t\000e\000n\000t\000i\000a\000l}{subsection.2.1.1}% 18
\BOOKMARK [4][-]{paragraph*.22}{\376\377\000e\000p\000\137\000b\000o\000l\000f\000i\000.\000k\000a\000d\000i\000\137\000t\000o\000o\000l\000s\000.\000e\000x\000t\000r\000a\000c\000t\000\137\000o\000v\000e\000r\000p\000o\000t\000e\000n\000t\000i\000a\000l\000.\000o\000c\000v\000\137\000m\000i\000s\000m\000a\000t\000c\000h}{subsubsection*.21}% 19
\BOOKMARK [4][-]{paragraph*.24}{\376\377\000e\000p\000\137\000b\000o\000l\000f\000i\000.\000k\000a\000d\000i\000\137\000t\000o\000o\000l\000s\000.\000e\000x\000t\000r\000a\000c\000t\000\137\000o\000v\000e\000r\000p\000o\000t\000e\000n\000t\000i\000a\000l\000.\000t\000r\000a\000n\000s\000f\000o\000r\000m\000\137\000t\000o\000\137\000u\000n\000i\000t\000y\000\137\000i\000n\000t\000e\000r\000v\000a\000l}{subsubsection*.21}% 20
\BOOKMARK [3][-]{subsubsection*.26}{\376\377\000e\000p\000\137\000b\000o\000l\000f\000i\000.\000k\000a\000d\000i\000\137\000t\000o\000o\000l\000s\000.\000f\000i\000t\000\137\000a\000n\000d\000\137\000p\000l\000o\000t\000\137\000o\000c\000v}{subsection.2.1.1}% 21
\BOOKMARK [3][-]{subsubsection*.27}{\376\377\000e\000p\000\137\000b\000o\000l\000f\000i\000.\000k\000a\000d\000i\000\137\000t\000o\000o\000l\000s\000.\000f\000i\000t\000\137\000e\000x\000p\000o\000n\000e\000n\000t\000i\000a\000l\000\137\000d\000e\000c\000a\000y}{subsection.2.1.1}% 22
\BOOKMARK [3][-]{subsubsection*.28}{\376\377\000e\000p\000\137\000b\000o\000l\000f\000i\000.\000k\000a\000d\000i\000\137\000t\000o\000o\000l\000s\000.\000g\000i\000t\000t\000\137\000p\000a\000r\000a\000m\000e\000t\000e\000r\000i\000z\000a\000t\000i\000o\000n}{subsection.2.1.1}% 23
\BOOKMARK [3][-]{subsubsection*.29}{\376\377\000e\000p\000\137\000b\000o\000l\000f\000i\000.\000k\000a\000d\000i\000\137\000t\000o\000o\000l\000s\000.\000g\000i\000t\000t\000\137\000p\000r\000e\000p\000r\000o\000c\000e\000s\000s\000i\000n\000g}{subsection.2.1.1}% 24
\BOOKMARK [4][-]{paragraph*.30}{\376\377\000e\000p\000\137\000b\000o\000l\000f\000i\000.\000k\000a\000d\000i\000\137\000t\000o\000o\000l\000s\000.\000g\000i\000t\000t\000\137\000p\000r\000e\000p\000r\000o\000c\000e\000s\000s\000i\000n\000g\000.\000g\000i\000t\000t\000\137\000f\000e\000a\000t\000u\000r\000e\000\137\000v\000i\000s\000u\000a\000l\000i\000z\000e\000r}{subsubsection*.29}% 25
\BOOKMARK [4][-]{paragraph*.32}{\376\377\000e\000p\000\137\000b\000o\000l\000f\000i\000.\000k\000a\000d\000i\000\137\000t\000o\000o\000l\000s\000.\000g\000i\000t\000t\000\137\000p\000r\000e\000p\000r\000o\000c\000e\000s\000s\000i\000n\000g\000.\000g\000i\000t\000t\000\137\000f\000e\000a\000t\000u\000r\000e\000s}{subsubsection*.29}% 26
\BOOKMARK [3][-]{subsubsection*.34}{\376\377\000e\000p\000\137\000b\000o\000l\000f\000i\000.\000k\000a\000d\000i\000\137\000t\000o\000o\000l\000s\000.\000g\000i\000t\000t\000\137\000v\000i\000s\000u\000a\000l\000i\000z\000a\000t\000i\000o\000n}{subsection.2.1.1}% 27
\BOOKMARK [4][-]{paragraph*.35}{\376\377\000e\000p\000\137\000b\000o\000l\000f\000i\000.\000k\000a\000d\000i\000\137\000t\000o\000o\000l\000s\000.\000g\000i\000t\000t\000\137\000v\000i\000s\000u\000a\000l\000i\000z\000a\000t\000i\000o\000n\000.\000p\000l\000o\000t\000\137\000v\000o\000l\000t\000a\000g\000e\000\137\000c\000o\000m\000p\000o\000n\000e\000n\000t\000s}{subsubsection*.34}% 28
\BOOKMARK [5][-]{subparagraph*.37}{\376\377\000P\000a\000r\000a\000m\000e\000t\000e\000r\000s}{paragraph*.35}% 29
\BOOKMARK [3][-]{subsubsection*.38}{\376\377\000e\000p\000\137\000b\000o\000l\000f\000i\000.\000k\000a\000d\000i\000\137\000t\000o\000o\000l\000s\000.\000p\000l\000o\000t\000\137\000m\000e\000a\000s\000u\000r\000e\000m\000e\000n\000t}{subsection.2.1.1}% 30
\BOOKMARK [3][-]{subsubsection*.39}{\376\377\000e\000p\000\137\000b\000o\000l\000f\000i\000.\000k\000a\000d\000i\000\137\000t\000o\000o\000l\000s\000.\000r\000e\000a\000d\000\137\000c\000s\000v\000\137\000d\000a\000t\000a\000s\000e\000t\000s}{subsection.2.1.1}% 31
\BOOKMARK [3][-]{subsubsection*.40}{\376\377\000e\000p\000\137\000b\000o\000l\000f\000i\000.\000k\000a\000d\000i\000\137\000t\000o\000o\000l\000s\000.\000r\000e\000a\000d\000\137\000h\000d\000f\0005\000\137\000d\000a\000t\000a\000s\000e\000t\000s}{subsection.2.1.1}% 32
\BOOKMARK [3][-]{subsubsection*.41}{\376\377\000e\000p\000\137\000b\000o\000l\000f\000i\000.\000k\000a\000d\000i\000\137\000t\000o\000o\000l\000s\000.\000r\000e\000a\000d\000\137\000m\000e\000a\000s\000u\000r\000e\000m\000e\000n\000t\000\137\000f\000r\000o\000m\000\137\000p\000a\000r\000q\000u\000e\000t}{subsection.2.1.1}% 33
\BOOKMARK [3][-]{subsubsection*.42}{\376\377\000e\000p\000\137\000b\000o\000l\000f\000i\000.\000k\000a\000d\000i\000\137\000t\000o\000o\000l\000s\000.\000s\000e\000l\000e\000c\000t\000\137\000m\000e\000a\000s\000u\000r\000e\000m\000e\000n\000t\000\137\000s\000e\000g\000m\000e\000n\000t\000s}{subsection.2.1.1}% 34
\BOOKMARK [3][-]{subsubsection*.43}{\376\377\000e\000p\000\137\000b\000o\000l\000f\000i\000.\000k\000a\000d\000i\000\137\000t\000o\000o\000l\000s\000.\000s\000t\000o\000r\000e\000\137\000m\000e\000a\000s\000u\000r\000e\000m\000e\000n\000t\000\137\000a\000s\000\137\000p\000a\000r\000q\000u\000e\000t}{subsection.2.1.1}% 35
\BOOKMARK [2][-]{subsection.2.1.2}{\376\377\000e\000p\000\137\000b\000o\000l\000f\000i\000.\000m\000o\000d\000e\000l\000s}{section.2.1}% 36
\BOOKMARK [3][-]{subsubsection*.44}{\376\377\000e\000p\000\137\000b\000o\000l\000f\000i\000.\000m\000o\000d\000e\000l\000s\000.\000a\000n\000a\000l\000y\000t\000i\000c\000\137\000i\000m\000p\000e\000d\000a\000n\000c\000e}{subsection.2.1.2}% 37
\BOOKMARK [4][-]{paragraph*.45}{\376\377\000e\000p\000\137\000b\000o\000l\000f\000i\000.\000m\000o\000d\000e\000l\000s\000.\000a\000n\000a\000l\000y\000t\000i\000c\000\137\000i\000m\000p\000e\000d\000a\000n\000c\000e\000.\000A\000n\000a\000l\000y\000t\000i\000c\000I\000m\000p\000e\000d\000a\000n\000c\000e}{subsubsection*.44}% 38
\BOOKMARK [3][-]{subsubsection*.152}{\376\377\000e\000p\000\137\000b\000o\000l\000f\000i\000.\000m\000o\000d\000e\000l\000s\000.\000a\000s\000s\000e\000s\000s\000\137\000e\000f\000f\000e\000c\000t\000i\000v\000e\000\137\000p\000a\000r\000a\000m\000e\000t\000e\000r\000s}{subsection.2.1.2}% 39
\BOOKMARK [4][-]{paragraph*.153}{\376\377\000e\000p\000\137\000b\000o\000l\000f\000i\000.\000m\000o\000d\000e\000l\000s\000.\000a\000s\000s\000e\000s\000s\000\137\000e\000f\000f\000e\000c\000t\000i\000v\000e\000\137\000p\000a\000r\000a\000m\000e\000t\000e\000r\000s\000.\000E\000f\000f\000e\000c\000t\000i\000v\000e\000\137\000P\000a\000r\000a\000m\000e\000t\000e\000r\000s}{subsubsection*.152}% 40
\BOOKMARK [3][-]{subsubsection*.172}{\376\377\000e\000p\000\137\000b\000o\000l\000f\000i\000.\000m\000o\000d\000e\000l\000s\000.\000e\000l\000e\000c\000t\000r\000o\000l\000y\000t\000e}{subsection.2.1.2}% 41
\BOOKMARK [4][-]{paragraph*.173}{\376\377\000e\000p\000\137\000b\000o\000l\000f\000i\000.\000m\000o\000d\000e\000l\000s\000.\000e\000l\000e\000c\000t\000r\000o\000l\000y\000t\000e\000.\000E\000l\000e\000c\000t\000r\000o\000l\000y\000t\000e}{subsubsection*.172}% 42
\BOOKMARK [5][-]{subparagraph*.182}{\376\377\000P\000a\000r\000a\000m\000e\000t\000e\000r\000s}{paragraph*.173}% 43
\BOOKMARK [5][-]{subparagraph*.187}{\376\377\000P\000a\000r\000a\000m\000e\000t\000e\000r\000s}{paragraph*.173}% 44
\BOOKMARK [5][-]{subparagraph*.188}{\376\377\000R\000e\000t\000u\000r\000n\000s}{paragraph*.173}% 45
\BOOKMARK [5][-]{subparagraph*.190}{\376\377\000P\000a\000r\000a\000m\000e\000t\000e\000r\000s}{paragraph*.173}% 46
\BOOKMARK [5][-]{subparagraph*.192}{\376\377\000P\000a\000r\000a\000m\000e\000t\000e\000r\000s}{paragraph*.173}% 47
\BOOKMARK [5][-]{subparagraph*.194}{\376\377\000P\000a\000r\000a\000m\000e\000t\000e\000r\000s}{paragraph*.173}% 48
\BOOKMARK [5][-]{subparagraph*.197}{\376\377\000P\000a\000r\000a\000m\000e\000t\000e\000r\000s}{paragraph*.173}% 49
\BOOKMARK [5][-]{subparagraph*.203}{\376\377\000P\000a\000r\000a\000m\000e\000t\000e\000r\000s}{paragraph*.173}% 50
\BOOKMARK [5][-]{subparagraph*.205}{\376\377\000P\000a\000r\000a\000m\000e\000t\000e\000r\000s}{paragraph*.173}% 51
\BOOKMARK [5][-]{subparagraph*.206}{\376\377\000R\000e\000t\000u\000r\000n\000s}{paragraph*.173}% 52
\BOOKMARK [5][-]{subparagraph*.209}{\376\377\000P\000a\000r\000a\000m\000e\000t\000e\000r\000s}{paragraph*.173}% 53
\BOOKMARK [5][-]{subparagraph*.213}{\376\377\000P\000a\000r\000a\000m\000e\000t\000e\000r\000s}{paragraph*.173}% 54
\BOOKMARK [5][-]{subparagraph*.219}{\376\377\000P\000a\000r\000a\000m\000e\000t\000e\000r\000s}{paragraph*.173}% 55
\BOOKMARK [4][-]{paragraph*.221}{\376\377\000e\000p\000\137\000b\000o\000l\000f\000i\000.\000m\000o\000d\000e\000l\000s\000.\000e\000l\000e\000c\000t\000r\000o\000l\000y\000t\000e\000.\000E\000l\000e\000c\000t\000r\000o\000l\000y\000t\000e\000\137\000i\000n\000t\000e\000r\000n\000a\000l}{subsubsection*.172}% 56
\BOOKMARK [5][-]{subparagraph*.223}{\376\377\000R\000e\000f\000e\000r\000e\000n\000c\000e}{paragraph*.221}% 57
\BOOKMARK [5][-]{subparagraph*.231}{\376\377\000P\000a\000r\000a\000m\000e\000t\000e\000r\000s}{paragraph*.221}% 58
\BOOKMARK [5][-]{subparagraph*.235}{\376\377\000P\000a\000r\000a\000m\000e\000t\000e\000r\000s}{paragraph*.221}% 59
\BOOKMARK [5][-]{subparagraph*.236}{\376\377\000R\000e\000t\000u\000r\000n\000s}{paragraph*.221}% 60
\BOOKMARK [5][-]{subparagraph*.238}{\376\377\000P\000a\000r\000a\000m\000e\000t\000e\000r\000s}{paragraph*.221}% 61
\BOOKMARK [5][-]{subparagraph*.243}{\376\377\000P\000a\000r\000a\000m\000e\000t\000e\000r\000s}{paragraph*.221}% 62
\BOOKMARK [5][-]{subparagraph*.246}{\376\377\000P\000a\000r\000a\000m\000e\000t\000e\000r\000s}{paragraph*.221}% 63
\BOOKMARK [5][-]{subparagraph*.250}{\376\377\000P\000a\000r\000a\000m\000e\000t\000e\000r\000s}{paragraph*.221}% 64
\BOOKMARK [5][-]{subparagraph*.252}{\376\377\000P\000a\000r\000a\000m\000e\000t\000e\000r\000s}{paragraph*.221}% 65
\BOOKMARK [5][-]{subparagraph*.253}{\376\377\000R\000e\000t\000u\000r\000n\000s}{paragraph*.221}% 66
\BOOKMARK [5][-]{subparagraph*.256}{\376\377\000P\000a\000r\000a\000m\000e\000t\000e\000r\000s}{paragraph*.221}% 67
\BOOKMARK [5][-]{subparagraph*.262}{\376\377\000P\000a\000r\000a\000m\000e\000t\000e\000r\000s}{paragraph*.221}% 68
\BOOKMARK [5][-]{subparagraph*.265}{\376\377\000P\000a\000r\000a\000m\000e\000t\000e\000r\000s}{paragraph*.221}% 69
\BOOKMARK [3][-]{subsubsection*.267}{\376\377\000e\000p\000\137\000b\000o\000l\000f\000i\000.\000m\000o\000d\000e\000l\000s\000.\000e\000q\000u\000i\000v\000a\000l\000e\000n\000t\000\137\000c\000i\000r\000c\000u\000i\000t\000s}{subsection.2.1.2}% 70
\BOOKMARK [4][-]{paragraph*.268}{\376\377\000e\000p\000\137\000b\000o\000l\000f\000i\000.\000m\000o\000d\000e\000l\000s\000.\000e\000q\000u\000i\000v\000a\000l\000e\000n\000t\000\137\000c\000i\000r\000c\000u\000i\000t\000s\000.\000c\000o\000n\000d\000e\000n\000s\000e}{subsubsection*.267}% 71
\BOOKMARK [5][-]{subparagraph*.270}{\376\377\000E\000x\000a\000m\000p\000l\000e\000s}{paragraph*.268}% 72
\BOOKMARK [4][-]{paragraph*.271}{\376\377\000e\000p\000\137\000b\000o\000l\000f\000i\000.\000m\000o\000d\000e\000l\000s\000.\000e\000q\000u\000i\000v\000a\000l\000e\000n\000t\000\137\000c\000i\000r\000c\000u\000i\000t\000s\000.\000p\000a\000r\000a\000l\000l\000e\000l}{subsubsection*.267}% 73
\BOOKMARK [4][-]{paragraph*.273}{\376\377\000e\000p\000\137\000b\000o\000l\000f\000i\000.\000m\000o\000d\000e\000l\000s\000.\000e\000q\000u\000i\000v\000a\000l\000e\000n\000t\000\137\000c\000i\000r\000c\000u\000i\000t\000s\000.\000s\000e\000r\000i\000e\000s}{subsubsection*.267}% 74
\BOOKMARK [4][-]{paragraph*.275}{\376\377\000e\000p\000\137\000b\000o\000l\000f\000i\000.\000m\000o\000d\000e\000l\000s\000.\000e\000q\000u\000i\000v\000a\000l\000e\000n\000t\000\137\000c\000i\000r\000c\000u\000i\000t\000s\000.\000C}{subsubsection*.267}% 75
\BOOKMARK [4][-]{paragraph*.278}{\376\377\000e\000p\000\137\000b\000o\000l\000f\000i\000.\000m\000o\000d\000e\000l\000s\000.\000e\000q\000u\000i\000v\000a\000l\000e\000n\000t\000\137\000c\000i\000r\000c\000u\000i\000t\000s\000.\000E\000C\000M}{subsubsection*.267}% 76
\BOOKMARK [4][-]{paragraph*.281}{\376\377\000e\000p\000\137\000b\000o\000l\000f\000i\000.\000m\000o\000d\000e\000l\000s\000.\000e\000q\000u\000i\000v\000a\000l\000e\000n\000t\000\137\000c\000i\000r\000c\000u\000i\000t\000s\000.\000L}{subsubsection*.267}% 77
\BOOKMARK [4][-]{paragraph*.284}{\376\377\000e\000p\000\137\000b\000o\000l\000f\000i\000.\000m\000o\000d\000e\000l\000s\000.\000e\000q\000u\000i\000v\000a\000l\000e\000n\000t\000\137\000c\000i\000r\000c\000u\000i\000t\000s\000.\000Q}{subsubsection*.267}% 78
\BOOKMARK [4][-]{paragraph*.287}{\376\377\000e\000p\000\137\000b\000o\000l\000f\000i\000.\000m\000o\000d\000e\000l\000s\000.\000e\000q\000u\000i\000v\000a\000l\000e\000n\000t\000\137\000c\000i\000r\000c\000u\000i\000t\000s\000.\000R}{subsubsection*.267}% 79
\BOOKMARK [4][-]{paragraph*.290}{\376\377\000e\000p\000\137\000b\000o\000l\000f\000i\000.\000m\000o\000d\000e\000l\000s\000.\000e\000q\000u\000i\000v\000a\000l\000e\000n\000t\000\137\000c\000i\000r\000c\000u\000i\000t\000s\000.\000R\000C\000\137\000c\000h\000a\000i\000n}{subsubsection*.267}% 80
\BOOKMARK [4][-]{paragraph*.293}{\376\377\000e\000p\000\137\000b\000o\000l\000f\000i\000.\000m\000o\000d\000e\000l\000s\000.\000e\000q\000u\000i\000v\000a\000l\000e\000n\000t\000\137\000c\000i\000r\000c\000u\000i\000t\000s\000.\000S\000C\000R}{subsubsection*.267}% 81
\BOOKMARK [4][-]{paragraph*.296}{\376\377\000e\000p\000\137\000b\000o\000l\000f\000i\000.\000m\000o\000d\000e\000l\000s\000.\000e\000q\000u\000i\000v\000a\000l\000e\000n\000t\000\137\000c\000i\000r\000c\000u\000i\000t\000s\000.\000S\000C\000R\000F}{subsubsection*.267}% 82
\BOOKMARK [4][-]{paragraph*.299}{\376\377\000e\000p\000\137\000b\000o\000l\000f\000i\000.\000m\000o\000d\000e\000l\000s\000.\000e\000q\000u\000i\000v\000a\000l\000e\000n\000t\000\137\000c\000i\000r\000c\000u\000i\000t\000s\000.\000T\000w\000o\000\137\000R\000C\000\137\000O\000p\000t\000i\000m\000i\000z\000e\000d\000\137\000f\000o\000r\000\137\000T\000o\000r\000c\000h}{subsubsection*.267}% 83
\BOOKMARK [4][-]{paragraph*.306}{\376\377\000e\000p\000\137\000b\000o\000l\000f\000i\000.\000m\000o\000d\000e\000l\000s\000.\000e\000q\000u\000i\000v\000a\000l\000e\000n\000t\000\137\000c\000i\000r\000c\000u\000i\000t\000s\000.\000W}{subsubsection*.267}% 84
\BOOKMARK [4][-]{paragraph*.309}{\376\377\000e\000p\000\137\000b\000o\000l\000f\000i\000.\000m\000o\000d\000e\000l\000s\000.\000e\000q\000u\000i\000v\000a\000l\000e\000n\000t\000\137\000c\000i\000r\000c\000u\000i\000t\000s\000.\000a\000l\000u\000m\000i\000n\000i\000u\000m\000\137\000e\000l\000e\000c\000t\000r\000o\000d\000e}{subsubsection*.267}% 85
\BOOKMARK [4][-]{paragraph*.312}{\376\377\000e\000p\000\137\000b\000o\000l\000f\000i\000.\000m\000o\000d\000e\000l\000s\000.\000e\000q\000u\000i\000v\000a\000l\000e\000n\000t\000\137\000c\000i\000r\000c\000u\000i\000t\000s\000.\000a\000l\000u\000m\000i\000n\000i\000u\000m\000\137\000e\000l\000e\000c\000t\000r\000o\000d\000e\000\137\000v\000a\000r\000i\000a\000n\000t}{subsubsection*.267}% 86
\BOOKMARK [4][-]{paragraph*.315}{\376\377\000e\000p\000\137\000b\000o\000l\000f\000i\000.\000m\000o\000d\000e\000l\000s\000.\000e\000q\000u\000i\000v\000a\000l\000e\000n\000t\000\137\000c\000i\000r\000c\000u\000i\000t\000s\000.\000d\000e\000b\000y\000e}{subsubsection*.267}% 87
\BOOKMARK [4][-]{paragraph*.318}{\376\377\000e\000p\000\137\000b\000o\000l\000f\000i\000.\000m\000o\000d\000e\000l\000s\000.\000e\000q\000u\000i\000v\000a\000l\000e\000n\000t\000\137\000c\000i\000r\000c\000u\000i\000t\000s\000.\000d\000e\000b\000y\000e\000\137\000v\000a\000r\000i\000a\000n\000t}{subsubsection*.267}% 88
\BOOKMARK [4][-]{paragraph*.321}{\376\377\000e\000p\000\137\000b\000o\000l\000f\000i\000.\000m\000o\000d\000e\000l\000s\000.\000e\000q\000u\000i\000v\000a\000l\000e\000n\000t\000\137\000c\000i\000r\000c\000u\000i\000t\000s\000.\000r\000a\000n\000d\000l\000e\000s}{subsubsection*.267}% 89
\BOOKMARK [4][-]{paragraph*.324}{\376\377\000e\000p\000\137\000b\000o\000l\000f\000i\000.\000m\000o\000d\000e\000l\000s\000.\000e\000q\000u\000i\000v\000a\000l\000e\000n\000t\000\137\000c\000i\000r\000c\000u\000i\000t\000s\000.\000r\000a\000n\000d\000l\000e\000s\000\137\000v\000a\000r\000i\000a\000n\000t}{subsubsection*.267}% 90
\BOOKMARK [4][-]{paragraph*.327}{\376\377\000e\000p\000\137\000b\000o\000l\000f\000i\000.\000m\000o\000d\000e\000l\000s\000.\000e\000q\000u\000i\000v\000a\000l\000e\000n\000t\000\137\000c\000i\000r\000c\000u\000i\000t\000s\000.\000w\000a\000r\000b\000u\000r\000g\000\137\000o\000p\000e\000n}{subsubsection*.267}% 91
\BOOKMARK [4][-]{paragraph*.330}{\376\377\000e\000p\000\137\000b\000o\000l\000f\000i\000.\000m\000o\000d\000e\000l\000s\000.\000e\000q\000u\000i\000v\000a\000l\000e\000n\000t\000\137\000c\000i\000r\000c\000u\000i\000t\000s\000.\000w\000a\000r\000b\000u\000r\000g\000\137\000s\000h\000o\000r\000t}{subsubsection*.267}% 92
\BOOKMARK [4][-]{paragraph*.333}{\376\377\000e\000p\000\137\000b\000o\000l\000f\000i\000.\000m\000o\000d\000e\000l\000s\000.\000e\000q\000u\000i\000v\000a\000l\000e\000n\000t\000\137\000c\000i\000r\000c\000u\000i\000t\000s\000.\000w\000r\000o\000n\000g\000\137\000r\000a\000n\000d\000l\000e\000s}{subsubsection*.267}% 93
\BOOKMARK [4][-]{paragraph*.336}{\376\377\000e\000p\000\137\000b\000o\000l\000f\000i\000.\000m\000o\000d\000e\000l\000s\000.\000e\000q\000u\000i\000v\000a\000l\000e\000n\000t\000\137\000c\000i\000r\000c\000u\000i\000t\000s\000.\000w\000r\000o\000n\000g\000\137\000r\000a\000n\000d\000l\000e\000s\000\137\000v\000a\000r\000i\000a\000n\000t}{subsubsection*.267}% 94
\BOOKMARK [3][-]{subsubsection*.339}{\376\377\000e\000p\000\137\000b\000o\000l\000f\000i\000.\000m\000o\000d\000e\000l\000s\000.\000s\000o\000l\000v\000e\000r\000s\000e\000t\000u\000p}{subsection.2.1.2}% 95
\BOOKMARK [4][-]{paragraph*.340}{\376\377\000e\000p\000\137\000b\000o\000l\000f\000i\000.\000m\000o\000d\000e\000l\000s\000.\000s\000o\000l\000v\000e\000r\000s\000e\000t\000u\000p\000.\000a\000u\000t\000o\000\137\000v\000a\000r\000\137\000p\000t\000s}{subsubsection*.339}% 96
\BOOKMARK [4][-]{paragraph*.342}{\376\377\000e\000p\000\137\000b\000o\000l\000f\000i\000.\000m\000o\000d\000e\000l\000s\000.\000s\000o\000l\000v\000e\000r\000s\000e\000t\000u\000p\000.\000s\000i\000m\000u\000l\000a\000t\000i\000o\000n\000\137\000s\000e\000t\000u\000p}{subsubsection*.339}% 97
\BOOKMARK [4][-]{paragraph*.344}{\376\377\000e\000p\000\137\000b\000o\000l\000f\000i\000.\000m\000o\000d\000e\000l\000s\000.\000s\000o\000l\000v\000e\000r\000s\000e\000t\000u\000p\000.\000s\000o\000l\000v\000e\000r\000\137\000s\000e\000t\000u\000p}{subsubsection*.339}% 98
\BOOKMARK [4][-]{paragraph*.346}{\376\377\000e\000p\000\137\000b\000o\000l\000f\000i\000.\000m\000o\000d\000e\000l\000s\000.\000s\000o\000l\000v\000e\000r\000s\000e\000t\000u\000p\000.\000s\000p\000e\000c\000t\000r\000a\000l\000\137\000m\000e\000s\000h\000\137\000p\000t\000s\000\137\000a\000n\000d\000\137\000m\000e\000t\000h\000o\000d}{subsubsection*.339}% 99
\BOOKMARK [3][-]{subsubsection*.348}{\376\377\000e\000p\000\137\000b\000o\000l\000f\000i\000.\000m\000o\000d\000e\000l\000s\000.\000s\000t\000a\000n\000d\000a\000r\000d\000\137\000p\000a\000r\000a\000m\000e\000t\000e\000r\000s}{subsection.2.1.2}% 100
\BOOKMARK [4][-]{paragraph*.349}{\376\377\000e\000p\000\137\000b\000o\000l\000f\000i\000.\000m\000o\000d\000e\000l\000s\000.\000s\000t\000a\000n\000d\000a\000r\000d\000\137\000p\000a\000r\000a\000m\000e\000t\000e\000r\000s\000.\000R}{subsubsection*.348}% 101
\BOOKMARK [4][-]{paragraph*.351}{\376\377\000e\000p\000\137\000b\000o\000l\000f\000i\000.\000m\000o\000d\000e\000l\000s\000.\000s\000t\000a\000n\000d\000a\000r\000d\000\137\000p\000a\000r\000a\000m\000e\000t\000e\000r\000s\000.\000F}{subsubsection*.348}% 102
\BOOKMARK [4][-]{paragraph*.353}{\376\377\000e\000p\000\137\000b\000o\000l\000f\000i\000.\000m\000o\000d\000e\000l\000s\000.\000s\000t\000a\000n\000d\000a\000r\000d\000\137\000p\000a\000r\000a\000m\000e\000t\000e\000r\000s\000.\000k\000\137\000B}{subsubsection*.348}% 103
\BOOKMARK [4][-]{paragraph*.355}{\376\377\000e\000p\000\137\000b\000o\000l\000f\000i\000.\000m\000o\000d\000e\000l\000s\000.\000s\000t\000a\000n\000d\000a\000r\000d\000\137\000p\000a\000r\000a\000m\000e\000t\000e\000r\000s\000.\000q\000e}{subsubsection*.348}% 104
\BOOKMARK [4][-]{paragraph*.357}{\376\377\000e\000p\000\137\000b\000o\000l\000f\000i\000.\000m\000o\000d\000e\000l\000s\000.\000s\000t\000a\000n\000d\000a\000r\000d\000\137\000p\000a\000r\000a\000m\000e\000t\000e\000r\000s\000.\000T\000\137\000r\000e\000f}{subsubsection*.348}% 105
\BOOKMARK [4][-]{paragraph*.359}{\376\377\000e\000p\000\137\000b\000o\000l\000f\000i\000.\000m\000o\000d\000e\000l\000s\000.\000s\000t\000a\000n\000d\000a\000r\000d\000\137\000p\000a\000r\000a\000m\000e\000t\000e\000r\000s\000.\000T\000\137\000i\000n\000i\000t}{subsubsection*.348}% 106
\BOOKMARK [4][-]{paragraph*.361}{\376\377\000e\000p\000\137\000b\000o\000l\000f\000i\000.\000m\000o\000d\000e\000l\000s\000.\000s\000t\000a\000n\000d\000a\000r\000d\000\137\000p\000a\000r\000a\000m\000e\000t\000e\000r\000s\000.\000L\000n\000\137\000d\000i\000m}{subsubsection*.348}% 107
\BOOKMARK [4][-]{paragraph*.363}{\376\377\000e\000p\000\137\000b\000o\000l\000f\000i\000.\000m\000o\000d\000e\000l\000s\000.\000s\000t\000a\000n\000d\000a\000r\000d\000\137\000p\000a\000r\000a\000m\000e\000t\000e\000r\000s\000.\000L\000s\000\137\000d\000i\000m}{subsubsection*.348}% 108
\BOOKMARK [4][-]{paragraph*.365}{\376\377\000e\000p\000\137\000b\000o\000l\000f\000i\000.\000m\000o\000d\000e\000l\000s\000.\000s\000t\000a\000n\000d\000a\000r\000d\000\137\000p\000a\000r\000a\000m\000e\000t\000e\000r\000s\000.\000L\000p\000\137\000d\000i\000m}{subsubsection*.348}% 109
\BOOKMARK [4][-]{paragraph*.367}{\376\377\000e\000p\000\137\000b\000o\000l\000f\000i\000.\000m\000o\000d\000e\000l\000s\000.\000s\000t\000a\000n\000d\000a\000r\000d\000\137\000p\000a\000r\000a\000m\000e\000t\000e\000r\000s\000.\000L\000\137\000d\000i\000m}{subsubsection*.348}% 110
\BOOKMARK [4][-]{paragraph*.369}{\376\377\000e\000p\000\137\000b\000o\000l\000f\000i\000.\000m\000o\000d\000e\000l\000s\000.\000s\000t\000a\000n\000d\000a\000r\000d\000\137\000p\000a\000r\000a\000m\000e\000t\000e\000r\000s\000.\000A}{subsubsection*.348}% 111
\BOOKMARK [4][-]{paragraph*.371}{\376\377\000e\000p\000\137\000b\000o\000l\000f\000i\000.\000m\000o\000d\000e\000l\000s\000.\000s\000t\000a\000n\000d\000a\000r\000d\000\137\000p\000a\000r\000a\000m\000e\000t\000e\000r\000s\000.\000V}{subsubsection*.348}% 112
\BOOKMARK [4][-]{paragraph*.373}{\376\377\000e\000p\000\137\000b\000o\000l\000f\000i\000.\000m\000o\000d\000e\000l\000s\000.\000s\000t\000a\000n\000d\000a\000r\000d\000\137\000p\000a\000r\000a\000m\000e\000t\000e\000r\000s\000.\000L\000\137\000x}{subsubsection*.348}% 113
\BOOKMARK [4][-]{paragraph*.375}{\376\377\000e\000p\000\137\000b\000o\000l\000f\000i\000.\000m\000o\000d\000e\000l\000s\000.\000s\000t\000a\000n\000d\000a\000r\000d\000\137\000p\000a\000r\000a\000m\000e\000t\000e\000r\000s\000.\000L\000\137\000y}{subsubsection*.348}% 114
\BOOKMARK [4][-]{paragraph*.377}{\376\377\000e\000p\000\137\000b\000o\000l\000f\000i\000.\000m\000o\000d\000e\000l\000s\000.\000s\000t\000a\000n\000d\000a\000r\000d\000\137\000p\000a\000r\000a\000m\000e\000t\000e\000r\000s\000.\000L\000\137\000z}{subsubsection*.348}% 115
\BOOKMARK [4][-]{paragraph*.379}{\376\377\000e\000p\000\137\000b\000o\000l\000f\000i\000.\000m\000o\000d\000e\000l\000s\000.\000s\000t\000a\000n\000d\000a\000r\000d\000\137\000p\000a\000r\000a\000m\000e\000t\000e\000r\000s\000.\000C}{subsubsection*.348}% 116
\BOOKMARK [4][-]{paragraph*.381}{\376\377\000e\000p\000\137\000b\000o\000l\000f\000i\000.\000m\000o\000d\000e\000l\000s\000.\000s\000t\000a\000n\000d\000a\000r\000d\000\137\000p\000a\000r\000a\000m\000e\000t\000e\000r\000s\000.\000U\000l}{subsubsection*.348}% 117
\BOOKMARK [4][-]{paragraph*.383}{\376\377\000e\000p\000\137\000b\000o\000l\000f\000i\000.\000m\000o\000d\000e\000l\000s\000.\000s\000t\000a\000n\000d\000a\000r\000d\000\137\000p\000a\000r\000a\000m\000e\000t\000e\000r\000s\000.\000U\000u}{subsubsection*.348}% 118
\BOOKMARK [4][-]{paragraph*.385}{\376\377\000e\000p\000\137\000b\000o\000l\000f\000i\000.\000m\000o\000d\000e\000l\000s\000.\000s\000t\000a\000n\000d\000a\000r\000d\000\137\000p\000a\000r\000a\000m\000e\000t\000e\000r\000s\000.\000c\000e\000\137\000t\000y\000p}{subsubsection*.348}% 119
\BOOKMARK [4][-]{paragraph*.387}{\376\377\000e\000p\000\137\000b\000o\000l\000f\000i\000.\000m\000o\000d\000e\000l\000s\000.\000s\000t\000a\000n\000d\000a\000r\000d\000\137\000p\000a\000r\000a\000m\000e\000t\000e\000r\000s\000.\000a\000n\000\137\000d\000i\000m}{subsubsection*.348}% 120
\BOOKMARK [4][-]{paragraph*.389}{\376\377\000e\000p\000\137\000b\000o\000l\000f\000i\000.\000m\000o\000d\000e\000l\000s\000.\000s\000t\000a\000n\000d\000a\000r\000d\000\137\000p\000a\000r\000a\000m\000e\000t\000e\000r\000s\000.\000a\000p\000\137\000d\000i\000m}{subsubsection*.348}% 121
\BOOKMARK [4][-]{paragraph*.391}{\376\377\000e\000p\000\137\000b\000o\000l\000f\000i\000.\000m\000o\000d\000e\000l\000s\000.\000s\000t\000a\000n\000d\000a\000r\000d\000\137\000p\000a\000r\000a\000m\000e\000t\000e\000r\000s\000.\000R\000n}{subsubsection*.348}% 122
\BOOKMARK [4][-]{paragraph*.393}{\376\377\000e\000p\000\137\000b\000o\000l\000f\000i\000.\000m\000o\000d\000e\000l\000s\000.\000s\000t\000a\000n\000d\000a\000r\000d\000\137\000p\000a\000r\000a\000m\000e\000t\000e\000r\000s\000.\000R\000p}{subsubsection*.348}% 123
\BOOKMARK [4][-]{paragraph*.395}{\376\377\000e\000p\000\137\000b\000o\000l\000f\000i\000.\000m\000o\000d\000e\000l\000s\000.\000s\000t\000a\000n\000d\000a\000r\000d\000\137\000p\000a\000r\000a\000m\000e\000t\000e\000r\000s\000.\000z\000n}{subsubsection*.348}% 124
\BOOKMARK [4][-]{paragraph*.397}{\376\377\000e\000p\000\137\000b\000o\000l\000f\000i\000.\000m\000o\000d\000e\000l\000s\000.\000s\000t\000a\000n\000d\000a\000r\000d\000\137\000p\000a\000r\000a\000m\000e\000t\000e\000r\000s\000.\000z\000p}{subsubsection*.348}% 125
\BOOKMARK [4][-]{paragraph*.399}{\376\377\000e\000p\000\137\000b\000o\000l\000f\000i\000.\000m\000o\000d\000e\000l\000s\000.\000s\000t\000a\000n\000d\000a\000r\000d\000\137\000p\000a\000r\000a\000m\000e\000t\000e\000r\000s\000.\000z\000n\000\137\000s\000a\000l\000t}{subsubsection*.348}% 126
\BOOKMARK [4][-]{paragraph*.401}{\376\377\000e\000p\000\137\000b\000o\000l\000f\000i\000.\000m\000o\000d\000e\000l\000s\000.\000s\000t\000a\000n\000d\000a\000r\000d\000\137\000p\000a\000r\000a\000m\000e\000t\000e\000r\000s\000.\000z\000p\000\137\000s\000a\000l\000t}{subsubsection*.348}% 127
\BOOKMARK [4][-]{paragraph*.403}{\376\377\000e\000p\000\137\000b\000o\000l\000f\000i\000.\000m\000o\000d\000e\000l\000s\000.\000s\000t\000a\000n\000d\000a\000r\000d\000\137\000p\000a\000r\000a\000m\000e\000t\000e\000r\000s\000.\000n\000n}{subsubsection*.348}% 128
\BOOKMARK [4][-]{paragraph*.405}{\376\377\000e\000p\000\137\000b\000o\000l\000f\000i\000.\000m\000o\000d\000e\000l\000s\000.\000s\000t\000a\000n\000d\000a\000r\000d\000\137\000p\000a\000r\000a\000m\000e\000t\000e\000r\000s\000.\000n\000p}{subsubsection*.348}% 129
\BOOKMARK [4][-]{paragraph*.407}{\376\377\000e\000p\000\137\000b\000o\000l\000f\000i\000.\000m\000o\000d\000e\000l\000s\000.\000s\000t\000a\000n\000d\000a\000r\000d\000\137\000p\000a\000r\000a\000m\000e\000t\000e\000r\000s\000.\000c\000e\000\137\000d\000i\000m\000\137\000i\000n\000i\000t}{subsubsection*.348}% 130
\BOOKMARK [4][-]{paragraph*.409}{\376\377\000e\000p\000\137\000b\000o\000l\000f\000i\000.\000m\000o\000d\000e\000l\000s\000.\000s\000t\000a\000n\000d\000a\000r\000d\000\137\000p\000a\000r\000a\000m\000e\000t\000e\000r\000s\000.\000c\000e\000\137\000i\000n\000i\000t}{subsubsection*.348}% 131
\BOOKMARK [4][-]{paragraph*.411}{\376\377\000e\000p\000\137\000b\000o\000l\000f\000i\000.\000m\000o\000d\000e\000l\000s\000.\000s\000t\000a\000n\000d\000a\000r\000d\000\137\000p\000a\000r\000a\000m\000e\000t\000e\000r\000s\000.\000M\000\137\000N}{subsubsection*.348}% 132
\BOOKMARK [4][-]{paragraph*.413}{\376\377\000e\000p\000\137\000b\000o\000l\000f\000i\000.\000m\000o\000d\000e\000l\000s\000.\000s\000t\000a\000n\000d\000a\000r\000d\000\137\000p\000a\000r\000a\000m\000e\000t\000e\000r\000s\000.\000c\000\137\000N}{subsubsection*.348}% 133
\BOOKMARK [4][-]{paragraph*.415}{\376\377\000e\000p\000\137\000b\000o\000l\000f\000i\000.\000m\000o\000d\000e\000l\000s\000.\000s\000t\000a\000n\000d\000a\000r\000d\000\137\000p\000a\000r\000a\000m\000e\000t\000e\000r\000s\000.\000v\000\137\000N}{subsubsection*.348}% 134
\BOOKMARK [4][-]{paragraph*.417}{\376\377\000e\000p\000\137\000b\000o\000l\000f\000i\000.\000m\000o\000d\000e\000l\000s\000.\000s\000t\000a\000n\000d\000a\000r\000d\000\137\000p\000a\000r\000a\000m\000e\000t\000e\000r\000s\000.\000C\000\137\000D\000L\000n}{subsubsection*.348}% 135
\BOOKMARK [4][-]{paragraph*.419}{\376\377\000e\000p\000\137\000b\000o\000l\000f\000i\000.\000m\000o\000d\000e\000l\000s\000.\000s\000t\000a\000n\000d\000a\000r\000d\000\137\000p\000a\000r\000a\000m\000e\000t\000e\000r\000s\000.\000C\000\137\000D\000L\000p}{subsubsection*.348}% 136
\BOOKMARK [4][-]{paragraph*.421}{\376\377\000e\000p\000\137\000b\000o\000l\000f\000i\000.\000m\000o\000d\000e\000l\000s\000.\000s\000t\000a\000n\000d\000a\000r\000d\000\137\000p\000a\000r\000a\000m\000e\000t\000e\000r\000s\000.\000L\000\137\000S\000E\000I}{subsubsection*.348}% 137
\BOOKMARK [4][-]{paragraph*.423}{\376\377\000e\000p\000\137\000b\000o\000l\000f\000i\000.\000m\000o\000d\000e\000l\000s\000.\000s\000t\000a\000n\000d\000a\000r\000d\000\137\000p\000a\000r\000a\000m\000e\000t\000e\000r\000s\000.\000R\000\137\000S\000E\000I}{subsubsection*.348}% 138
\BOOKMARK [4][-]{paragraph*.425}{\376\377\000e\000p\000\137\000b\000o\000l\000f\000i\000.\000m\000o\000d\000e\000l\000s\000.\000s\000t\000a\000n\000d\000a\000r\000d\000\137\000p\000a\000r\000a\000m\000e\000t\000e\000r\000s\000.\000p\000e\000r\000m\000i\000t\000t\000i\000v\000i\000t\000y\000\137\000S\000E\000I}{subsubsection*.348}% 139
\BOOKMARK [4][-]{paragraph*.427}{\376\377\000e\000p\000\137\000b\000o\000l\000f\000i\000.\000m\000o\000d\000e\000l\000s\000.\000s\000t\000a\000n\000d\000a\000r\000d\000\137\000p\000a\000r\000a\000m\000e\000t\000e\000r\000s\000.\000C\000\137\000S\000E\000I}{subsubsection*.348}% 140
\BOOKMARK [4][-]{paragraph*.429}{\376\377\000e\000p\000\137\000b\000o\000l\000f\000i\000.\000m\000o\000d\000e\000l\000s\000.\000s\000t\000a\000n\000d\000a\000r\000d\000\137\000p\000a\000r\000a\000m\000e\000t\000e\000r\000s\000.\000t\000\137\000S\000E\000I\000\137\000m\000i\000n\000u\000s}{subsubsection*.348}% 141
\BOOKMARK [4][-]{paragraph*.431}{\376\377\000e\000p\000\137\000b\000o\000l\000f\000i\000.\000m\000o\000d\000e\000l\000s\000.\000s\000t\000a\000n\000d\000a\000r\000d\000\137\000p\000a\000r\000a\000m\000e\000t\000e\000r\000s\000.\000L\000\137\000e\000l\000e\000c\000t\000r\000o\000l\000y\000t\000e\000\137\000f\000o\000r\000\137\000S\000E\000I\000\137\000m\000o\000d\000e\000l}{subsubsection*.348}% 142
\BOOKMARK [4][-]{paragraph*.433}{\376\377\000e\000p\000\137\000b\000o\000l\000f\000i\000.\000m\000o\000d\000e\000l\000s\000.\000s\000t\000a\000n\000d\000a\000r\000d\000\137\000p\000a\000r\000a\000m\000e\000t\000e\000r\000s\000.\000D\000e\000\137\000t\000y\000p}{subsubsection*.348}% 143
\BOOKMARK [4][-]{paragraph*.435}{\376\377\000e\000p\000\137\000b\000o\000l\000f\000i\000.\000m\000o\000d\000e\000l\000s\000.\000s\000t\000a\000n\000d\000a\000r\000d\000\137\000p\000a\000r\000a\000m\000e\000t\000e\000r\000s\000.\000D\000n\000\137\000t\000y\000p}{subsubsection*.348}% 144
\BOOKMARK [4][-]{paragraph*.437}{\376\377\000e\000p\000\137\000b\000o\000l\000f\000i\000.\000m\000o\000d\000e\000l\000s\000.\000s\000t\000a\000n\000d\000a\000r\000d\000\137\000p\000a\000r\000a\000m\000e\000t\000e\000r\000s\000.\000D\000p\000\137\000t\000y\000p}{subsubsection*.348}% 145
\BOOKMARK [4][-]{paragraph*.439}{\376\377\000e\000p\000\137\000b\000o\000l\000f\000i\000.\000m\000o\000d\000e\000l\000s\000.\000s\000t\000a\000n\000d\000a\000r\000d\000\137\000p\000a\000r\000a\000m\000e\000t\000e\000r\000s\000.\000i\000s\000e\000n\000\137\0000\000\137\000r\000e\000f}{subsubsection*.348}% 146
\BOOKMARK [4][-]{paragraph*.441}{\376\377\000e\000p\000\137\000b\000o\000l\000f\000i\000.\000m\000o\000d\000e\000l\000s\000.\000s\000t\000a\000n\000d\000a\000r\000d\000\137\000p\000a\000r\000a\000m\000e\000t\000e\000r\000s\000.\000i\000s\000e\000p\000\137\0000\000\137\000r\000e\000f}{subsubsection*.348}% 147
\BOOKMARK [4][-]{paragraph*.443}{\376\377\000e\000p\000\137\000b\000o\000l\000f\000i\000.\000m\000o\000d\000e\000l\000s\000.\000s\000t\000a\000n\000d\000a\000r\000d\000\137\000p\000a\000r\000a\000m\000e\000t\000e\000r\000s\000.\000O\000C\000V\000n\000\137\000r\000e\000f}{subsubsection*.348}% 148
\BOOKMARK [4][-]{paragraph*.445}{\376\377\000e\000p\000\137\000b\000o\000l\000f\000i\000.\000m\000o\000d\000e\000l\000s\000.\000s\000t\000a\000n\000d\000a\000r\000d\000\137\000p\000a\000r\000a\000m\000e\000t\000e\000r\000s\000.\000O\000C\000V\000p\000\137\000r\000e\000f}{subsubsection*.348}% 149
\BOOKMARK [4][-]{paragraph*.447}{\376\377\000e\000p\000\137\000b\000o\000l\000f\000i\000.\000m\000o\000d\000e\000l\000s\000.\000s\000t\000a\000n\000d\000a\000r\000d\000\137\000p\000a\000r\000a\000m\000e\000t\000e\000r\000s\000.\000a\000n}{subsubsection*.348}% 150
\BOOKMARK [4][-]{paragraph*.449}{\376\377\000e\000p\000\137\000b\000o\000l\000f\000i\000.\000m\000o\000d\000e\000l\000s\000.\000s\000t\000a\000n\000d\000a\000r\000d\000\137\000p\000a\000r\000a\000m\000e\000t\000e\000r\000s\000.\000a\000p}{subsubsection*.348}% 151
\BOOKMARK [4][-]{paragraph*.451}{\376\377\000e\000p\000\137\000b\000o\000l\000f\000i\000.\000m\000o\000d\000e\000l\000s\000.\000s\000t\000a\000n\000d\000a\000r\000d\000\137\000p\000a\000r\000a\000m\000e\000t\000e\000r\000s\000.\000t\000i\000m\000e\000s\000c\000a\000l\000e}{subsubsection*.348}% 152
\BOOKMARK [4][-]{paragraph*.453}{\376\377\000e\000p\000\137\000b\000o\000l\000f\000i\000.\000m\000o\000d\000e\000l\000s\000.\000s\000t\000a\000n\000d\000a\000r\000d\000\137\000p\000a\000r\000a\000m\000e\000t\000e\000r\000s\000.\000C\000e}{subsubsection*.348}% 153
\BOOKMARK [4][-]{paragraph*.455}{\376\377\000e\000p\000\137\000b\000o\000l\000f\000i\000.\000m\000o\000d\000e\000l\000s\000.\000s\000t\000a\000n\000d\000a\000r\000d\000\137\000p\000a\000r\000a\000m\000e\000t\000e\000r\000s\000.\000c\000n}{subsubsection*.348}% 154
\BOOKMARK [4][-]{paragraph*.457}{\376\377\000e\000p\000\137\000b\000o\000l\000f\000i\000.\000m\000o\000d\000e\000l\000s\000.\000s\000t\000a\000n\000d\000a\000r\000d\000\137\000p\000a\000r\000a\000m\000e\000t\000e\000r\000s\000.\000c\000p}{subsubsection*.348}% 155
\BOOKMARK [4][-]{paragraph*.459}{\376\377\000e\000p\000\137\000b\000o\000l\000f\000i\000.\000m\000o\000d\000e\000l\000s\000.\000s\000t\000a\000n\000d\000a\000r\000d\000\137\000p\000a\000r\000a\000m\000e\000t\000e\000r\000s\000.\000C\000r\000n}{subsubsection*.348}% 156
\BOOKMARK [4][-]{paragraph*.461}{\376\377\000e\000p\000\137\000b\000o\000l\000f\000i\000.\000m\000o\000d\000e\000l\000s\000.\000s\000t\000a\000n\000d\000a\000r\000d\000\137\000p\000a\000r\000a\000m\000e\000t\000e\000r\000s\000.\000C\000r\000p}{subsubsection*.348}% 157
\BOOKMARK [4][-]{paragraph*.463}{\376\377\000e\000p\000\137\000b\000o\000l\000f\000i\000.\000m\000o\000d\000e\000l\000s\000.\000s\000t\000a\000n\000d\000a\000r\000d\000\137\000p\000a\000r\000a\000m\000e\000t\000e\000r\000s\000.\000L\000n}{subsubsection*.348}% 158
\BOOKMARK [4][-]{paragraph*.465}{\376\377\000e\000p\000\137\000b\000o\000l\000f\000i\000.\000m\000o\000d\000e\000l\000s\000.\000s\000t\000a\000n\000d\000a\000r\000d\000\137\000p\000a\000r\000a\000m\000e\000t\000e\000r\000s\000.\000L\000s}{subsubsection*.348}% 159
\BOOKMARK [4][-]{paragraph*.467}{\376\377\000e\000p\000\137\000b\000o\000l\000f\000i\000.\000m\000o\000d\000e\000l\000s\000.\000s\000t\000a\000n\000d\000a\000r\000d\000\137\000p\000a\000r\000a\000m\000e\000t\000e\000r\000s\000.\000L\000p}{subsubsection*.348}% 160
\BOOKMARK [4][-]{paragraph*.469}{\376\377\000e\000p\000\137\000b\000o\000l\000f\000i\000.\000m\000o\000d\000e\000l\000s\000.\000s\000t\000a\000n\000d\000a\000r\000d\000\137\000p\000a\000r\000a\000m\000e\000t\000e\000r\000s\000.\000L\000e}{subsubsection*.348}% 161
\BOOKMARK [4][-]{paragraph*.471}{\376\377\000e\000p\000\137\000b\000o\000l\000f\000i\000.\000m\000o\000d\000e\000l\000s\000.\000s\000t\000a\000n\000d\000a\000r\000d\000\137\000p\000a\000r\000a\000m\000e\000t\000e\000r\000s\000.\000I\000\137\000e\000x\000t\000e\000r\000n\000\137\000d\000i\000m}{subsubsection*.348}% 162
\BOOKMARK [4][-]{paragraph*.473}{\376\377\000e\000p\000\137\000b\000o\000l\000f\000i\000.\000m\000o\000d\000e\000l\000s\000.\000s\000t\000a\000n\000d\000a\000r\000d\000\137\000p\000a\000r\000a\000m\000e\000t\000e\000r\000s\000.\000I\000\137\000e\000x\000t\000e\000r\000n}{subsubsection*.348}% 163
\BOOKMARK [4][-]{paragraph*.475}{\376\377\000e\000p\000\137\000b\000o\000l\000f\000i\000.\000m\000o\000d\000e\000l\000s\000.\000s\000t\000a\000n\000d\000a\000r\000d\000\137\000p\000a\000r\000a\000m\000e\000t\000e\000r\000s\000.\000n\000\137\000e\000l\000e\000c\000t\000r\000o\000d\000e\000s\000\137\000p\000a\000r\000a\000l\000l\000e\000l}{subsubsection*.348}% 164
\BOOKMARK [4][-]{paragraph*.477}{\376\377\000e\000p\000\137\000b\000o\000l\000f\000i\000.\000m\000o\000d\000e\000l\000s\000.\000s\000t\000a\000n\000d\000a\000r\000d\000\137\000p\000a\000r\000a\000m\000e\000t\000e\000r\000s\000.\000n\000\137\000c\000e\000l\000l\000s}{subsubsection*.348}% 165
\BOOKMARK [4][-]{paragraph*.479}{\376\377\000e\000p\000\137\000b\000o\000l\000f\000i\000.\000m\000o\000d\000e\000l\000s\000.\000s\000t\000a\000n\000d\000a\000r\000d\000\137\000p\000a\000r\000a\000m\000e\000t\000e\000r\000s\000.\000I\000\137\000t\000y\000p}{subsubsection*.348}% 166
\BOOKMARK [4][-]{paragraph*.481}{\376\377\000e\000p\000\137\000b\000o\000l\000f\000i\000.\000m\000o\000d\000e\000l\000s\000.\000s\000t\000a\000n\000d\000a\000r\000d\000\137\000p\000a\000r\000a\000m\000e\000t\000e\000r\000s\000.\000A\000\137\000c\000c}{subsubsection*.348}% 167
\BOOKMARK [4][-]{paragraph*.483}{\376\377\000e\000p\000\137\000b\000o\000l\000f\000i\000.\000m\000o\000d\000e\000l\000s\000.\000s\000t\000a\000n\000d\000a\000r\000d\000\137\000p\000a\000r\000a\000m\000e\000t\000e\000r\000s\000.\000c\000u\000r\000r\000e\000n\000t\000\137\000w\000i\000t\000h\000\137\000t\000i\000m\000e}{subsubsection*.348}% 168
\BOOKMARK [4][-]{paragraph*.485}{\376\377\000e\000p\000\137\000b\000o\000l\000f\000i\000.\000m\000o\000d\000e\000l\000s\000.\000s\000t\000a\000n\000d\000a\000r\000d\000\137\000p\000a\000r\000a\000m\000e\000t\000e\000r\000s\000.\000d\000i\000m\000e\000n\000s\000i\000o\000n\000a\000l\000\137\000c\000u\000r\000r\000e\000n\000t\000\137\000w\000i\000t\000h\000\137\000t\000i\000m\000e}{subsubsection*.348}% 169
\BOOKMARK [4][-]{paragraph*.487}{\376\377\000e\000p\000\137\000b\000o\000l\000f\000i\000.\000m\000o\000d\000e\000l\000s\000.\000s\000t\000a\000n\000d\000a\000r\000d\000\137\000p\000a\000r\000a\000m\000e\000t\000e\000r\000s\000.\000d\000i\000m\000e\000n\000s\000i\000o\000n\000a\000l\000\137\000c\000u\000r\000r\000e\000n\000t\000\137\000d\000e\000n\000s\000i\000t\000y\000\137\000w\000i\000t\000h\000\137\000t\000i\000m\000e}{subsubsection*.348}% 170
\BOOKMARK [4][-]{paragraph*.489}{\376\377\000e\000p\000\137\000b\000o\000l\000f\000i\000.\000m\000o\000d\000e\000l\000s\000.\000s\000t\000a\000n\000d\000a\000r\000d\000\137\000p\000a\000r\000a\000m\000e\000t\000e\000r\000s\000.\000v\000o\000l\000t\000a\000g\000e\000\137\000l\000o\000w\000\137\000c\000u\000t}{subsubsection*.348}% 171
\BOOKMARK [4][-]{paragraph*.491}{\376\377\000e\000p\000\137\000b\000o\000l\000f\000i\000.\000m\000o\000d\000e\000l\000s\000.\000s\000t\000a\000n\000d\000a\000r\000d\000\137\000p\000a\000r\000a\000m\000e\000t\000e\000r\000s\000.\000v\000o\000l\000t\000a\000g\000e\000\137\000h\000i\000g\000h\000\137\000c\000u\000t}{subsubsection*.348}% 172
\BOOKMARK [4][-]{paragraph*.493}{\376\377\000e\000p\000\137\000b\000o\000l\000f\000i\000.\000m\000o\000d\000e\000l\000s\000.\000s\000t\000a\000n\000d\000a\000r\000d\000\137\000p\000a\000r\000a\000m\000e\000t\000e\000r\000s\000.\000c\000a\000p\000a\000c\000i\000t\000y}{subsubsection*.348}% 173
\BOOKMARK [4][-]{paragraph*.495}{\376\377\000e\000p\000\137\000b\000o\000l\000f\000i\000.\000m\000o\000d\000e\000l\000s\000.\000s\000t\000a\000n\000d\000a\000r\000d\000\137\000p\000a\000r\000a\000m\000e\000t\000e\000r\000s\000.\000D\000e}{subsubsection*.348}% 174
\BOOKMARK [4][-]{paragraph*.497}{\376\377\000e\000p\000\137\000b\000o\000l\000f\000i\000.\000m\000o\000d\000e\000l\000s\000.\000s\000t\000a\000n\000d\000a\000r\000d\000\137\000p\000a\000r\000a\000m\000e\000t\000e\000r\000s\000.\000D\000e\000\137\000d\000i\000m}{subsubsection*.348}% 175
\BOOKMARK [4][-]{paragraph*.499}{\376\377\000e\000p\000\137\000b\000o\000l\000f\000i\000.\000m\000o\000d\000e\000l\000s\000.\000s\000t\000a\000n\000d\000a\000r\000d\000\137\000p\000a\000r\000a\000m\000e\000t\000e\000r\000s\000.\000D\000n}{subsubsection*.348}% 176
\BOOKMARK [4][-]{paragraph*.501}{\376\377\000e\000p\000\137\000b\000o\000l\000f\000i\000.\000m\000o\000d\000e\000l\000s\000.\000s\000t\000a\000n\000d\000a\000r\000d\000\137\000p\000a\000r\000a\000m\000e\000t\000e\000r\000s\000.\000D\000n\000\137\000d\000i\000m}{subsubsection*.348}% 177
\BOOKMARK [4][-]{paragraph*.503}{\376\377\000e\000p\000\137\000b\000o\000l\000f\000i\000.\000m\000o\000d\000e\000l\000s\000.\000s\000t\000a\000n\000d\000a\000r\000d\000\137\000p\000a\000r\000a\000m\000e\000t\000e\000r\000s\000.\000D\000p}{subsubsection*.348}% 178
\BOOKMARK [4][-]{paragraph*.505}{\376\377\000e\000p\000\137\000b\000o\000l\000f\000i\000.\000m\000o\000d\000e\000l\000s\000.\000s\000t\000a\000n\000d\000a\000r\000d\000\137\000p\000a\000r\000a\000m\000e\000t\000e\000r\000s\000.\000D\000p\000\137\000d\000i\000m}{subsubsection*.348}% 179
\BOOKMARK [4][-]{paragraph*.507}{\376\377\000e\000p\000\137\000b\000o\000l\000f\000i\000.\000m\000o\000d\000e\000l\000s\000.\000s\000t\000a\000n\000d\000a\000r\000d\000\137\000p\000a\000r\000a\000m\000e\000t\000e\000r\000s\000.\000O\000C\000V\000n}{subsubsection*.348}% 180
\BOOKMARK [4][-]{paragraph*.509}{\376\377\000e\000p\000\137\000b\000o\000l\000f\000i\000.\000m\000o\000d\000e\000l\000s\000.\000s\000t\000a\000n\000d\000a\000r\000d\000\137\000p\000a\000r\000a\000m\000e\000t\000e\000r\000s\000.\000O\000C\000V\000n\000\137\000d\000i\000m}{subsubsection*.348}% 181
\BOOKMARK [4][-]{paragraph*.511}{\376\377\000e\000p\000\137\000b\000o\000l\000f\000i\000.\000m\000o\000d\000e\000l\000s\000.\000s\000t\000a\000n\000d\000a\000r\000d\000\137\000p\000a\000r\000a\000m\000e\000t\000e\000r\000s\000.\000O\000C\000V\000p}{subsubsection*.348}% 182
\BOOKMARK [4][-]{paragraph*.513}{\376\377\000e\000p\000\137\000b\000o\000l\000f\000i\000.\000m\000o\000d\000e\000l\000s\000.\000s\000t\000a\000n\000d\000a\000r\000d\000\137\000p\000a\000r\000a\000m\000e\000t\000e\000r\000s\000.\000O\000C\000V\000p\000\137\000d\000i\000m}{subsubsection*.348}% 183
\BOOKMARK [4][-]{paragraph*.515}{\376\377\000e\000p\000\137\000b\000o\000l\000f\000i\000.\000m\000o\000d\000e\000l\000s\000.\000s\000t\000a\000n\000d\000a\000r\000d\000\137\000p\000a\000r\000a\000m\000e\000t\000e\000r\000s\000.\000S\000O\000C\000n\000\137\000d\000i\000m\000\137\000i\000n\000i\000t}{subsubsection*.348}% 184
\BOOKMARK [4][-]{paragraph*.517}{\376\377\000e\000p\000\137\000b\000o\000l\000f\000i\000.\000m\000o\000d\000e\000l\000s\000.\000s\000t\000a\000n\000d\000a\000r\000d\000\137\000p\000a\000r\000a\000m\000e\000t\000e\000r\000s\000.\000S\000O\000C\000n\000\137\000i\000n\000i\000t}{subsubsection*.348}% 185
\BOOKMARK [4][-]{paragraph*.519}{\376\377\000e\000p\000\137\000b\000o\000l\000f\000i\000.\000m\000o\000d\000e\000l\000s\000.\000s\000t\000a\000n\000d\000a\000r\000d\000\137\000p\000a\000r\000a\000m\000e\000t\000e\000r\000s\000.\000S\000O\000C\000p\000\137\000d\000i\000m\000\137\000i\000n\000i\000t}{subsubsection*.348}% 186
\BOOKMARK [4][-]{paragraph*.521}{\376\377\000e\000p\000\137\000b\000o\000l\000f\000i\000.\000m\000o\000d\000e\000l\000s\000.\000s\000t\000a\000n\000d\000a\000r\000d\000\137\000p\000a\000r\000a\000m\000e\000t\000e\000r\000s\000.\000S\000O\000C\000p\000\137\000i\000n\000i\000t}{subsubsection*.348}% 187
\BOOKMARK [4][-]{paragraph*.523}{\376\377\000e\000p\000\137\000b\000o\000l\000f\000i\000.\000m\000o\000d\000e\000l\000s\000.\000s\000t\000a\000n\000d\000a\000r\000d\000\137\000p\000a\000r\000a\000m\000e\000t\000e\000r\000s\000.\000d\000O\000C\000V\000n\000\137\000d\000S\000O\000C\000n}{subsubsection*.348}% 188
\BOOKMARK [4][-]{paragraph*.525}{\376\377\000e\000p\000\137\000b\000o\000l\000f\000i\000.\000m\000o\000d\000e\000l\000s\000.\000s\000t\000a\000n\000d\000a\000r\000d\000\137\000p\000a\000r\000a\000m\000e\000t\000e\000r\000s\000.\000d\000O\000C\000V\000n\000\137\000d\000T}{subsubsection*.348}% 189
\BOOKMARK [4][-]{paragraph*.527}{\376\377\000e\000p\000\137\000b\000o\000l\000f\000i\000.\000m\000o\000d\000e\000l\000s\000.\000s\000t\000a\000n\000d\000a\000r\000d\000\137\000p\000a\000r\000a\000m\000e\000t\000e\000r\000s\000.\000d\000O\000C\000V\000n\000\137\000d\000T\000\137\000d\000S\000O\000C\000n}{subsubsection*.348}% 190
\BOOKMARK [4][-]{paragraph*.529}{\376\377\000e\000p\000\137\000b\000o\000l\000f\000i\000.\000m\000o\000d\000e\000l\000s\000.\000s\000t\000a\000n\000d\000a\000r\000d\000\137\000p\000a\000r\000a\000m\000e\000t\000e\000r\000s\000.\000d\000O\000C\000V\000n\000\137\000d\000T\000\137\000d\000S\000O\000C\000n\000\137\000d\000i\000m}{subsubsection*.348}% 191
\BOOKMARK [4][-]{paragraph*.531}{\376\377\000e\000p\000\137\000b\000o\000l\000f\000i\000.\000m\000o\000d\000e\000l\000s\000.\000s\000t\000a\000n\000d\000a\000r\000d\000\137\000p\000a\000r\000a\000m\000e\000t\000e\000r\000s\000.\000d\000O\000C\000V\000n\000\137\000d\000T\000\137\000d\000i\000m}{subsubsection*.348}% 192
\BOOKMARK [4][-]{paragraph*.533}{\376\377\000e\000p\000\137\000b\000o\000l\000f\000i\000.\000m\000o\000d\000e\000l\000s\000.\000s\000t\000a\000n\000d\000a\000r\000d\000\137\000p\000a\000r\000a\000m\000e\000t\000e\000r\000s\000.\000d\000O\000C\000V\000n\000\137\000d\000i\000m\000\137\000d\000S\000O\000C\000n}{subsubsection*.348}% 193
\BOOKMARK [4][-]{paragraph*.535}{\376\377\000e\000p\000\137\000b\000o\000l\000f\000i\000.\000m\000o\000d\000e\000l\000s\000.\000s\000t\000a\000n\000d\000a\000r\000d\000\137\000p\000a\000r\000a\000m\000e\000t\000e\000r\000s\000.\000d\000O\000C\000V\000p\000\137\000d\000S\000O\000C\000p}{subsubsection*.348}% 194
\BOOKMARK [4][-]{paragraph*.537}{\376\377\000e\000p\000\137\000b\000o\000l\000f\000i\000.\000m\000o\000d\000e\000l\000s\000.\000s\000t\000a\000n\000d\000a\000r\000d\000\137\000p\000a\000r\000a\000m\000e\000t\000e\000r\000s\000.\000d\000O\000C\000V\000p\000\137\000d\000T}{subsubsection*.348}% 195
\BOOKMARK [4][-]{paragraph*.539}{\376\377\000e\000p\000\137\000b\000o\000l\000f\000i\000.\000m\000o\000d\000e\000l\000s\000.\000s\000t\000a\000n\000d\000a\000r\000d\000\137\000p\000a\000r\000a\000m\000e\000t\000e\000r\000s\000.\000d\000O\000C\000V\000p\000\137\000d\000T\000\137\000d\000S\000O\000C\000p}{subsubsection*.348}% 196
\BOOKMARK [4][-]{paragraph*.541}{\376\377\000e\000p\000\137\000b\000o\000l\000f\000i\000.\000m\000o\000d\000e\000l\000s\000.\000s\000t\000a\000n\000d\000a\000r\000d\000\137\000p\000a\000r\000a\000m\000e\000t\000e\000r\000s\000.\000d\000O\000C\000V\000p\000\137\000d\000T\000\137\000d\000S\000O\000C\000p\000\137\000d\000i\000m}{subsubsection*.348}% 197
\BOOKMARK [4][-]{paragraph*.543}{\376\377\000e\000p\000\137\000b\000o\000l\000f\000i\000.\000m\000o\000d\000e\000l\000s\000.\000s\000t\000a\000n\000d\000a\000r\000d\000\137\000p\000a\000r\000a\000m\000e\000t\000e\000r\000s\000.\000d\000O\000C\000V\000p\000\137\000d\000T\000\137\000d\000i\000m}{subsubsection*.348}% 198
\BOOKMARK [4][-]{paragraph*.545}{\376\377\000e\000p\000\137\000b\000o\000l\000f\000i\000.\000m\000o\000d\000e\000l\000s\000.\000s\000t\000a\000n\000d\000a\000r\000d\000\137\000p\000a\000r\000a\000m\000e\000t\000e\000r\000s\000.\000d\000O\000C\000V\000p\000\137\000d\000i\000m\000\137\000d\000S\000O\000C\000p}{subsubsection*.348}% 199
\BOOKMARK [4][-]{paragraph*.547}{\376\377\000e\000p\000\137\000b\000o\000l\000f\000i\000.\000m\000o\000d\000e\000l\000s\000.\000s\000t\000a\000n\000d\000a\000r\000d\000\137\000p\000a\000r\000a\000m\000e\000t\000e\000r\000s\000.\000d\000\137\000c\000e\000n\000\137\000i\000s\000e\000n\000\137\0000}{subsubsection*.348}% 200
\BOOKMARK [4][-]{paragraph*.549}{\376\377\000e\000p\000\137\000b\000o\000l\000f\000i\000.\000m\000o\000d\000e\000l\000s\000.\000s\000t\000a\000n\000d\000a\000r\000d\000\137\000p\000a\000r\000a\000m\000e\000t\000e\000r\000s\000.\000d\000\137\000c\000e\000n\000\137\000i\000s\000e\000n\000\137\0000\000\137\000d\000i\000m}{subsubsection*.348}% 201
\BOOKMARK [4][-]{paragraph*.551}{\376\377\000e\000p\000\137\000b\000o\000l\000f\000i\000.\000m\000o\000d\000e\000l\000s\000.\000s\000t\000a\000n\000d\000a\000r\000d\000\137\000p\000a\000r\000a\000m\000e\000t\000e\000r\000s\000.\000d\000\137\000c\000e\000p\000\137\000i\000s\000e\000p\000\137\0000}{subsubsection*.348}% 202
\BOOKMARK [4][-]{paragraph*.553}{\376\377\000e\000p\000\137\000b\000o\000l\000f\000i\000.\000m\000o\000d\000e\000l\000s\000.\000s\000t\000a\000n\000d\000a\000r\000d\000\137\000p\000a\000r\000a\000m\000e\000t\000e\000r\000s\000.\000d\000\137\000c\000e\000p\000\137\000i\000s\000e\000p\000\137\0000\000\137\000d\000i\000m}{subsubsection*.348}% 203
\BOOKMARK [4][-]{paragraph*.555}{\376\377\000e\000p\000\137\000b\000o\000l\000f\000i\000.\000m\000o\000d\000e\000l\000s\000.\000s\000t\000a\000n\000d\000a\000r\000d\000\137\000p\000a\000r\000a\000m\000e\000t\000e\000r\000s\000.\000i\000s\000e\000n\000\137\0000}{subsubsection*.348}% 204
\BOOKMARK [4][-]{paragraph*.557}{\376\377\000e\000p\000\137\000b\000o\000l\000f\000i\000.\000m\000o\000d\000e\000l\000s\000.\000s\000t\000a\000n\000d\000a\000r\000d\000\137\000p\000a\000r\000a\000m\000e\000t\000e\000r\000s\000.\000i\000s\000e\000n\000\137\0000\000\137\000d\000i\000m}{subsubsection*.348}% 205
\BOOKMARK [4][-]{paragraph*.559}{\376\377\000e\000p\000\137\000b\000o\000l\000f\000i\000.\000m\000o\000d\000e\000l\000s\000.\000s\000t\000a\000n\000d\000a\000r\000d\000\137\000p\000a\000r\000a\000m\000e\000t\000e\000r\000s\000.\000i\000s\000e\000p\000\137\0000}{subsubsection*.348}% 206
\BOOKMARK [4][-]{paragraph*.561}{\376\377\000e\000p\000\137\000b\000o\000l\000f\000i\000.\000m\000o\000d\000e\000l\000s\000.\000s\000t\000a\000n\000d\000a\000r\000d\000\137\000p\000a\000r\000a\000m\000e\000t\000e\000r\000s\000.\000i\000s\000e\000p\000\137\0000\000\137\000d\000i\000m}{subsubsection*.348}% 207
\BOOKMARK [4][-]{paragraph*.563}{\376\377\000e\000p\000\137\000b\000o\000l\000f\000i\000.\000m\000o\000d\000e\000l\000s\000.\000s\000t\000a\000n\000d\000a\000r\000d\000\137\000p\000a\000r\000a\000m\000e\000t\000e\000r\000s\000.\000o\000n\000e\000\137\000p\000l\000u\000s\000\137\000d\000l\000n\000f\000\137\000d\000l\000n\000c}{subsubsection*.348}% 208
\BOOKMARK [4][-]{paragraph*.565}{\376\377\000e\000p\000\137\000b\000o\000l\000f\000i\000.\000m\000o\000d\000e\000l\000s\000.\000s\000t\000a\000n\000d\000a\000r\000d\000\137\000p\000a\000r\000a\000m\000e\000t\000e\000r\000s\000.\000o\000n\000e\000\137\000p\000l\000u\000s\000\137\000d\000l\000n\000f\000\137\000d\000l\000n\000c\000\137\000d\000i\000m}{subsubsection*.348}% 209
\BOOKMARK [4][-]{paragraph*.567}{\376\377\000e\000p\000\137\000b\000o\000l\000f\000i\000.\000m\000o\000d\000e\000l\000s\000.\000s\000t\000a\000n\000d\000a\000r\000d\000\137\000p\000a\000r\000a\000m\000e\000t\000e\000r\000s\000.\000t\000\137\000p\000l\000u\000s}{subsubsection*.348}% 210
\BOOKMARK [4][-]{paragraph*.569}{\376\377\000e\000p\000\137\000b\000o\000l\000f\000i\000.\000m\000o\000d\000e\000l\000s\000.\000s\000t\000a\000n\000d\000a\000r\000d\000\137\000p\000a\000r\000a\000m\000e\000t\000e\000r\000s\000.\000t\000\137\000p\000l\000u\000s\000\137\000d\000i\000m}{subsubsection*.348}% 211
\BOOKMARK [2][-]{subsection.2.1.3}{\376\377\000e\000p\000\137\000b\000o\000l\000f\000i\000.\000o\000p\000t\000i\000m\000i\000z\000a\000t\000i\000o\000n}{section.2.1}% 212
\BOOKMARK [3][-]{subsubsection*.571}{\376\377\000e\000p\000\137\000b\000o\000l\000f\000i\000.\000o\000p\000t\000i\000m\000i\000z\000a\000t\000i\000o\000n\000.\000E\000P\000\137\000B\000O\000L\000F\000I}{subsection.2.1.3}% 213
\BOOKMARK [4][-]{paragraph*.572}{\376\377\000e\000p\000\137\000b\000o\000l\000f\000i\000.\000o\000p\000t\000i\000m\000i\000z\000a\000t\000i\000o\000n\000.\000E\000P\000\137\000B\000O\000L\000F\000I\000.\000c\000o\000m\000b\000i\000n\000e\000\137\000p\000a\000r\000a\000m\000e\000t\000e\000r\000s\000\137\000t\000o\000\137\000t\000r\000y}{subsubsection*.571}% 214
\BOOKMARK [4][-]{paragraph*.574}{\376\377\000e\000p\000\137\000b\000o\000l\000f\000i\000.\000o\000p\000t\000i\000m\000i\000z\000a\000t\000i\000o\000n\000.\000E\000P\000\137\000B\000O\000L\000F\000I\000.\000f\000i\000x\000\137\000p\000a\000r\000a\000m\000e\000t\000e\000r\000s}{subsubsection*.571}% 215
\BOOKMARK [4][-]{paragraph*.576}{\376\377\000e\000p\000\137\000b\000o\000l\000f\000i\000.\000o\000p\000t\000i\000m\000i\000z\000a\000t\000i\000o\000n\000.\000E\000P\000\137\000B\000O\000L\000F\000I\000.\000E\000P\000\137\000B\000O\000L\000F\000I}{subsubsection*.571}% 216
\BOOKMARK [4][-]{paragraph*.605}{\376\377\000e\000p\000\137\000b\000o\000l\000f\000i\000.\000o\000p\000t\000i\000m\000i\000z\000a\000t\000i\000o\000n\000.\000E\000P\000\137\000B\000O\000L\000F\000I\000.\000N\000D\000A\000r\000r\000a\000y\000E\000n\000c\000o\000d\000e\000r}{subsubsection*.571}% 217
\BOOKMARK [4][-]{paragraph*.611}{\376\377\000e\000p\000\137\000b\000o\000l\000f\000i\000.\000o\000p\000t\000i\000m\000i\000z\000a\000t\000i\000o\000n\000.\000E\000P\000\137\000B\000O\000L\000F\000I\000.\000O\000p\000t\000i\000m\000i\000z\000e\000r\000\137\000S\000t\000a\000t\000e}{subsubsection*.571}% 218
\BOOKMARK [4][-]{paragraph*.614}{\376\377\000e\000p\000\137\000b\000o\000l\000f\000i\000.\000o\000p\000t\000i\000m\000i\000z\000a\000t\000i\000o\000n\000.\000E\000P\000\137\000B\000O\000L\000F\000I\000.\000P\000r\000e\000p\000r\000o\000c\000e\000s\000s\000e\000d\000\137\000S\000i\000m\000u\000l\000a\000t\000o\000r}{subsubsection*.571}% 219
\BOOKMARK [2][-]{subsection.2.1.4}{\376\377\000e\000p\000\137\000b\000o\000l\000f\000i\000.\000u\000t\000i\000l\000i\000t\000y}{section.2.1}% 220
\BOOKMARK [3][-]{subsubsection*.635}{\376\377\000e\000p\000\137\000b\000o\000l\000f\000i\000.\000u\000t\000i\000l\000i\000t\000y\000.\000d\000a\000t\000a\000s\000e\000t\000\137\000f\000o\000r\000m\000a\000t\000t\000i\000n\000g}{subsection.2.1.4}% 221
\BOOKMARK [4][-]{paragraph*.636}{\376\377\000e\000p\000\137\000b\000o\000l\000f\000i\000.\000u\000t\000i\000l\000i\000t\000y\000.\000d\000a\000t\000a\000s\000e\000t\000\137\000f\000o\000r\000m\000a\000t\000t\000i\000n\000g\000.\000c\000o\000n\000v\000e\000r\000t\000\137\000n\000o\000n\000e\000\137\000n\000o\000t\000a\000t\000i\000o\000n\000\137\000t\000o\000\137\000s\000l\000i\000c\000i\000n\000g}{subsubsection*.635}% 222
\BOOKMARK [4][-]{paragraph*.638}{\376\377\000e\000p\000\137\000b\000o\000l\000f\000i\000.\000u\000t\000i\000l\000i\000t\000y\000.\000d\000a\000t\000a\000s\000e\000t\000\137\000f\000o\000r\000m\000a\000t\000t\000i\000n\000g\000.\000g\000e\000t\000\137\000h\000d\000f\0005\000\137\000d\000a\000t\000a\000s\000e\000t\000\137\000b\000y\000\137\000p\000a\000t\000h}{subsubsection*.635}% 223
\BOOKMARK [4][-]{paragraph*.640}{\376\377\000e\000p\000\137\000b\000o\000l\000f\000i\000.\000u\000t\000i\000l\000i\000t\000y\000.\000d\000a\000t\000a\000s\000e\000t\000\137\000f\000o\000r\000m\000a\000t\000t\000i\000n\000g\000.\000p\000r\000i\000n\000t\000\137\000h\000d\000f\0005\000\137\000s\000t\000r\000u\000c\000t\000u\000r\000e}{subsubsection*.635}% 224
\BOOKMARK [4][-]{paragraph*.642}{\376\377\000e\000p\000\137\000b\000o\000l\000f\000i\000.\000u\000t\000i\000l\000i\000t\000y\000.\000d\000a\000t\000a\000s\000e\000t\000\137\000f\000o\000r\000m\000a\000t\000t\000i\000n\000g\000.\000r\000e\000a\000d\000\137\000c\000s\000v\000\137\000f\000r\000o\000m\000\137\000m\000e\000a\000s\000u\000r\000e\000m\000e\000n\000t\000\137\000s\000y\000s\000t\000e\000m}{subsubsection*.635}% 225
\BOOKMARK [4][-]{paragraph*.644}{\376\377\000e\000p\000\137\000b\000o\000l\000f\000i\000.\000u\000t\000i\000l\000i\000t\000y\000.\000d\000a\000t\000a\000s\000e\000t\000\137\000f\000o\000r\000m\000a\000t\000t\000i\000n\000g\000.\000r\000e\000a\000d\000\137\000h\000d\000f\0005\000\137\000t\000a\000b\000l\000e}{subsubsection*.635}% 226
\BOOKMARK [4][-]{paragraph*.646}{\376\377\000e\000p\000\137\000b\000o\000l\000f\000i\000.\000u\000t\000i\000l\000i\000t\000y\000.\000d\000a\000t\000a\000s\000e\000t\000\137\000f\000o\000r\000m\000a\000t\000t\000i\000n\000g\000.\000r\000e\000a\000d\000\137\000p\000a\000r\000q\000u\000e\000t\000\137\000t\000a\000b\000l\000e}{subsubsection*.635}% 227
\BOOKMARK [4][-]{paragraph*.648}{\376\377\000e\000p\000\137\000b\000o\000l\000f\000i\000.\000u\000t\000i\000l\000i\000t\000y\000.\000d\000a\000t\000a\000s\000e\000t\000\137\000f\000o\000r\000m\000a\000t\000t\000i\000n\000g\000.\000s\000t\000o\000r\000e\000\137\000p\000a\000r\000q\000u\000e\000t\000\137\000t\000a\000b\000l\000e}{subsubsection*.635}% 228
\BOOKMARK [4][-]{paragraph*.650}{\376\377\000e\000p\000\137\000b\000o\000l\000f\000i\000.\000u\000t\000i\000l\000i\000t\000y\000.\000d\000a\000t\000a\000s\000e\000t\000\137\000f\000o\000r\000m\000a\000t\000t\000i\000n\000g\000.\000C\000y\000c\000l\000i\000n\000g\000\137\000I\000n\000f\000o\000r\000m\000a\000t\000i\000o\000n}{subsubsection*.635}% 229
\BOOKMARK [4][-]{paragraph*.667}{\376\377\000e\000p\000\137\000b\000o\000l\000f\000i\000.\000u\000t\000i\000l\000i\000t\000y\000.\000d\000a\000t\000a\000s\000e\000t\000\137\000f\000o\000r\000m\000a\000t\000t\000i\000n\000g\000.\000I\000m\000p\000e\000d\000a\000n\000c\000e\000\137\000M\000e\000a\000s\000u\000r\000e\000m\000e\000n\000t}{subsubsection*.635}% 230
\BOOKMARK [4][-]{paragraph*.685}{\376\377\000e\000p\000\137\000b\000o\000l\000f\000i\000.\000u\000t\000i\000l\000i\000t\000y\000.\000d\000a\000t\000a\000s\000e\000t\000\137\000f\000o\000r\000m\000a\000t\000t\000i\000n\000g\000.\000M\000e\000a\000s\000u\000r\000e\000m\000e\000n\000t}{subsubsection*.635}% 231
\BOOKMARK [4][-]{paragraph*.697}{\376\377\000e\000p\000\137\000b\000o\000l\000f\000i\000.\000u\000t\000i\000l\000i\000t\000y\000.\000d\000a\000t\000a\000s\000e\000t\000\137\000f\000o\000r\000m\000a\000t\000t\000i\000n\000g\000.\000S\000t\000a\000t\000i\000c\000\137\000I\000n\000f\000o\000r\000m\000a\000t\000i\000o\000n}{subsubsection*.635}% 232
\BOOKMARK [3][-]{subsubsection*.718}{\376\377\000e\000p\000\137\000b\000o\000l\000f\000i\000.\000u\000t\000i\000l\000i\000t\000y\000.\000f\000i\000t\000t\000i\000n\000g\000\137\000f\000u\000n\000c\000t\000i\000o\000n\000s}{subsection.2.1.4}% 233
\BOOKMARK [4][-]{paragraph*.719}{\376\377\000e\000p\000\137\000b\000o\000l\000f\000i\000.\000u\000t\000i\000l\000i\000t\000y\000.\000f\000i\000t\000t\000i\000n\000g\000\137\000f\000u\000n\000c\000t\000i\000o\000n\000s\000.\000O\000C\000V\000\137\000f\000i\000t\000\137\000f\000u\000n\000c\000t\000i\000o\000n}{subsubsection*.718}% 234
\BOOKMARK [5][-]{subparagraph*.721}{\376\377\000R\000e\000f\000e\000r\000e\000n\000c\000e}{paragraph*.719}% 235
\BOOKMARK [4][-]{paragraph*.722}{\376\377\000e\000p\000\137\000b\000o\000l\000f\000i\000.\000u\000t\000i\000l\000i\000t\000y\000.\000f\000i\000t\000t\000i\000n\000g\000\137\000f\000u\000n\000c\000t\000i\000o\000n\000s\000.\000a\000\137\000f\000i\000t}{subsubsection*.718}% 236
\BOOKMARK [4][-]{paragraph*.724}{\376\377\000e\000p\000\137\000b\000o\000l\000f\000i\000.\000u\000t\000i\000l\000i\000t\000y\000.\000f\000i\000t\000t\000i\000n\000g\000\137\000f\000u\000n\000c\000t\000i\000o\000n\000s\000.\000d\0002\000\137\000d\000E\0002\000\137\000O\000C\000V\000\137\000f\000i\000t\000\137\000f\000u\000n\000c\000t\000i\000o\000n}{subsubsection*.718}% 237
\BOOKMARK [4][-]{paragraph*.726}{\376\377\000e\000p\000\137\000b\000o\000l\000f\000i\000.\000u\000t\000i\000l\000i\000t\000y\000.\000f\000i\000t\000t\000i\000n\000g\000\137\000f\000u\000n\000c\000t\000i\000o\000n\000s\000.\000d\000\137\000d\000E\000\137\000O\000C\000V\000\137\000f\000i\000t\000\137\000f\000u\000n\000c\000t\000i\000o\000n}{subsubsection*.718}% 238
\BOOKMARK [4][-]{paragraph*.728}{\376\377\000e\000p\000\137\000b\000o\000l\000f\000i\000.\000u\000t\000i\000l\000i\000t\000y\000.\000f\000i\000t\000t\000i\000n\000g\000\137\000f\000u\000n\000c\000t\000i\000o\000n\000s\000.\000f\000i\000n\000d\000\137\000o\000c\000c\000u\000r\000r\000e\000n\000c\000e\000s}{subsubsection*.718}% 239
\BOOKMARK [4][-]{paragraph*.730}{\376\377\000e\000p\000\137\000b\000o\000l\000f\000i\000.\000u\000t\000i\000l\000i\000t\000y\000.\000f\000i\000t\000t\000i\000n\000g\000\137\000f\000u\000n\000c\000t\000i\000o\000n\000s\000.\000f\000i\000t\000\137\000O\000C\000V}{subsubsection*.718}% 240
\BOOKMARK [4][-]{paragraph*.732}{\376\377\000e\000p\000\137\000b\000o\000l\000f\000i\000.\000u\000t\000i\000l\000i\000t\000y\000.\000f\000i\000t\000t\000i\000n\000g\000\137\000f\000u\000n\000c\000t\000i\000o\000n\000s\000.\000f\000i\000t\000\137\000d\000r\000t}{subsubsection*.718}% 241
\BOOKMARK [4][-]{paragraph*.734}{\376\377\000e\000p\000\137\000b\000o\000l\000f\000i\000.\000u\000t\000i\000l\000i\000t\000y\000.\000f\000i\000t\000t\000i\000n\000g\000\137\000f\000u\000n\000c\000t\000i\000o\000n\000s\000.\000f\000i\000t\000\137\000e\000x\000p\000o\000n\000e\000n\000t\000i\000a\000l\000\137\000d\000e\000c\000a\000y}{subsubsection*.718}% 242
\BOOKMARK [4][-]{paragraph*.736}{\376\377\000e\000p\000\137\000b\000o\000l\000f\000i\000.\000u\000t\000i\000l\000i\000t\000y\000.\000f\000i\000t\000t\000i\000n\000g\000\137\000f\000u\000n\000c\000t\000i\000o\000n\000s\000.\000f\000i\000t\000\137\000e\000x\000p\000o\000n\000e\000n\000t\000i\000a\000l\000\137\000d\000e\000c\000a\000y\000\137\000w\000i\000t\000h\000\137\000w\000a\000r\000n\000i\000n\000g\000s}{subsubsection*.718}% 243
\BOOKMARK [4][-]{paragraph*.738}{\376\377\000e\000p\000\137\000b\000o\000l\000f\000i\000.\000u\000t\000i\000l\000i\000t\000y\000.\000f\000i\000t\000t\000i\000n\000g\000\137\000f\000u\000n\000c\000t\000i\000o\000n\000s\000.\000f\000i\000t\000\137\000p\000w\000r\000l\000a\000w}{subsubsection*.718}% 244
\BOOKMARK [4][-]{paragraph*.740}{\376\377\000e\000p\000\137\000b\000o\000l\000f\000i\000.\000u\000t\000i\000l\000i\000t\000y\000.\000f\000i\000t\000t\000i\000n\000g\000\137\000f\000u\000n\000c\000t\000i\000o\000n\000s\000.\000f\000i\000t\000\137\000p\000w\000r\000l\000a\000w\000C\000L}{subsubsection*.718}% 245
\BOOKMARK [4][-]{paragraph*.742}{\376\377\000e\000p\000\137\000b\000o\000l\000f\000i\000.\000u\000t\000i\000l\000i\000t\000y\000.\000f\000i\000t\000t\000i\000n\000g\000\137\000f\000u\000n\000c\000t\000i\000o\000n\000s\000.\000f\000i\000t\000\137\000s\000q\000r\000t}{subsubsection*.718}% 246
\BOOKMARK [4][-]{paragraph*.744}{\376\377\000e\000p\000\137\000b\000o\000l\000f\000i\000.\000u\000t\000i\000l\000i\000t\000y\000.\000f\000i\000t\000t\000i\000n\000g\000\137\000f\000u\000n\000c\000t\000i\000o\000n\000s\000.\000f\000i\000t\000\137\000s\000q\000r\000t\000\137\000w\000i\000t\000h\000\137\000w\000a\000r\000n\000i\000n\000g\000s}{subsubsection*.718}% 247
\BOOKMARK [4][-]{paragraph*.746}{\376\377\000e\000p\000\137\000b\000o\000l\000f\000i\000.\000u\000t\000i\000l\000i\000t\000y\000.\000f\000i\000t\000t\000i\000n\000g\000\137\000f\000u\000n\000c\000t\000i\000o\000n\000s\000.\000i\000n\000v\000e\000r\000s\000e\000\137\000O\000C\000V\000\137\000f\000i\000t\000\137\000f\000u\000n\000c\000t\000i\000o\000n}{subsubsection*.718}% 248
\BOOKMARK [4][-]{paragraph*.748}{\376\377\000e\000p\000\137\000b\000o\000l\000f\000i\000.\000u\000t\000i\000l\000i\000t\000y\000.\000f\000i\000t\000t\000i\000n\000g\000\137\000f\000u\000n\000c\000t\000i\000o\000n\000s\000.\000i\000n\000v\000e\000r\000s\000e\000\137\000d\0002\000\137\000d\000S\000O\000C\0002\000\137\000O\000C\000V\000\137\000f\000i\000t\000\137\000f\000u\000n\000c\000t\000i\000o\000n}{subsubsection*.718}% 249
\BOOKMARK [4][-]{paragraph*.750}{\376\377\000e\000p\000\137\000b\000o\000l\000f\000i\000.\000u\000t\000i\000l\000i\000t\000y\000.\000f\000i\000t\000t\000i\000n\000g\000\137\000f\000u\000n\000c\000t\000i\000o\000n\000s\000.\000i\000n\000v\000e\000r\000s\000e\000\137\000d\000\137\000d\000S\000O\000C\000\137\000O\000C\000V\000\137\000f\000i\000t\000\137\000f\000u\000n\000c\000t\000i\000o\000n}{subsubsection*.718}% 250
\BOOKMARK [4][-]{paragraph*.752}{\376\377\000e\000p\000\137\000b\000o\000l\000f\000i\000.\000u\000t\000i\000l\000i\000t\000y\000.\000f\000i\000t\000t\000i\000n\000g\000\137\000f\000u\000n\000c\000t\000i\000o\000n\000s\000.\000l\000a\000p\000l\000a\000c\000e\000\137\000t\000r\000a\000n\000s\000f\000o\000r\000m}{subsubsection*.718}% 251
\BOOKMARK [4][-]{paragraph*.754}{\376\377\000e\000p\000\137\000b\000o\000l\000f\000i\000.\000u\000t\000i\000l\000i\000t\000y\000.\000f\000i\000t\000t\000i\000n\000g\000\137\000f\000u\000n\000c\000t\000i\000o\000n\000s\000.\000s\000m\000o\000o\000t\000h\000\137\000f\000i\000t}{subsubsection*.718}% 252
\BOOKMARK [4][-]{paragraph*.756}{\376\377\000e\000p\000\137\000b\000o\000l\000f\000i\000.\000u\000t\000i\000l\000i\000t\000y\000.\000f\000i\000t\000t\000i\000n\000g\000\137\000f\000u\000n\000c\000t\000i\000o\000n\000s\000.\000v\000e\000r\000b\000o\000s\000e\000\137\000s\000p\000l\000i\000n\000e\000\137\000p\000a\000r\000a\000m\000e\000t\000e\000r\000i\000z\000a\000t\000i\000o\000n}{subsubsection*.718}% 253
\BOOKMARK [4][-]{paragraph*.758}{\376\377\000e\000p\000\137\000b\000o\000l\000f\000i\000.\000u\000t\000i\000l\000i\000t\000y\000.\000f\000i\000t\000t\000i\000n\000g\000\137\000f\000u\000n\000c\000t\000i\000o\000n\000s\000.\000N\000D\000A\000r\000r\000a\000y\000E\000n\000c\000o\000d\000e\000r}{subsubsection*.718}% 254
\BOOKMARK [4][-]{paragraph*.764}{\376\377\000e\000p\000\137\000b\000o\000l\000f\000i\000.\000u\000t\000i\000l\000i\000t\000y\000.\000f\000i\000t\000t\000i\000n\000g\000\137\000f\000u\000n\000c\000t\000i\000o\000n\000s\000.\000O\000C\000V\000\137\000f\000i\000t\000\137\000r\000e\000s\000u\000l\000t}{subsubsection*.718}% 255
\BOOKMARK [5][-]{subparagraph*.766}{\376\377\000R\000e\000f\000e\000r\000e\000n\000c\000e}{paragraph*.764}% 256
\BOOKMARK [3][-]{subsubsection*.784}{\376\377\000e\000p\000\137\000b\000o\000l\000f\000i\000.\000u\000t\000i\000l\000i\000t\000y\000.\000p\000r\000e\000p\000r\000o\000c\000e\000s\000s\000i\000n\000g}{subsection.2.1.4}% 257
\BOOKMARK [4][-]{paragraph*.785}{\376\377\000e\000p\000\137\000b\000o\000l\000f\000i\000.\000u\000t\000i\000l\000i\000t\000y\000.\000p\000r\000e\000p\000r\000o\000c\000e\000s\000s\000i\000n\000g\000.\000O\000C\000V\000\137\000f\000r\000o\000m\000\137\000C\000C\000\137\000C\000V}{subsubsection*.784}% 258
\BOOKMARK [4][-]{paragraph*.787}{\376\377\000e\000p\000\137\000b\000o\000l\000f\000i\000.\000u\000t\000i\000l\000i\000t\000y\000.\000p\000r\000e\000p\000r\000o\000c\000e\000s\000s\000i\000n\000g\000.\000a\000p\000p\000r\000o\000x\000i\000m\000a\000t\000e\000\137\000c\000o\000n\000f\000i\000d\000e\000n\000c\000e\000\137\000e\000l\000l\000i\000p\000s\000o\000i\000d}{subsubsection*.784}% 259
\BOOKMARK [4][-]{paragraph*.789}{\376\377\000e\000p\000\137\000b\000o\000l\000f\000i\000.\000u\000t\000i\000l\000i\000t\000y\000.\000p\000r\000e\000p\000r\000o\000c\000e\000s\000s\000i\000n\000g\000.\000c\000a\000l\000c\000u\000l\000a\000t\000e\000\137\000S\000O\000C}{subsubsection*.784}% 260
\BOOKMARK [4][-]{paragraph*.791}{\376\377\000e\000p\000\137\000b\000o\000l\000f\000i\000.\000u\000t\000i\000l\000i\000t\000y\000.\000p\000r\000e\000p\000r\000o\000c\000e\000s\000s\000i\000n\000g\000.\000c\000a\000l\000c\000u\000l\000a\000t\000e\000\137\000b\000o\000t\000h\000\137\000S\000O\000C\000\137\000f\000r\000o\000m\000\137\000O\000C\000V}{subsubsection*.784}% 261
\BOOKMARK [4][-]{paragraph*.793}{\376\377\000e\000p\000\137\000b\000o\000l\000f\000i\000.\000u\000t\000i\000l\000i\000t\000y\000.\000p\000r\000e\000p\000r\000o\000c\000e\000s\000s\000i\000n\000g\000.\000c\000a\000l\000c\000u\000l\000a\000t\000e\000\137\000d\000e\000s\000i\000r\000e\000d\000\137\000v\000o\000l\000t\000a\000g\000e}{subsubsection*.784}% 262
\BOOKMARK [4][-]{paragraph*.795}{\376\377\000e\000p\000\137\000b\000o\000l\000f\000i\000.\000u\000t\000i\000l\000i\000t\000y\000.\000p\000r\000e\000p\000r\000o\000c\000e\000s\000s\000i\000n\000g\000.\000c\000a\000l\000c\000u\000l\000a\000t\000e\000\137\000m\000e\000a\000n\000s\000\137\000a\000n\000d\000\137\000s\000t\000a\000n\000d\000a\000r\000d\000\137\000d\000e\000v\000i\000a\000t\000i\000o\000n\000s}{subsubsection*.784}% 263
\BOOKMARK [4][-]{paragraph*.797}{\376\377\000e\000p\000\137\000b\000o\000l\000f\000i\000.\000u\000t\000i\000l\000i\000t\000y\000.\000p\000r\000e\000p\000r\000o\000c\000e\000s\000s\000i\000n\000g\000.\000c\000a\000p\000a\000c\000i\000t\000y}{subsubsection*.784}% 264
\BOOKMARK [4][-]{paragraph*.799}{\376\377\000e\000p\000\137\000b\000o\000l\000f\000i\000.\000u\000t\000i\000l\000i\000t\000y\000.\000p\000r\000e\000p\000r\000o\000c\000e\000s\000s\000i\000n\000g\000.\000c\000o\000m\000b\000i\000n\000e\000\137\000p\000a\000r\000a\000m\000e\000t\000e\000r\000s\000\137\000t\000o\000\137\000t\000r\000y}{subsubsection*.784}% 265
\BOOKMARK [4][-]{paragraph*.801}{\376\377\000e\000p\000\137\000b\000o\000l\000f\000i\000.\000u\000t\000i\000l\000i\000t\000y\000.\000p\000r\000e\000p\000r\000o\000c\000e\000s\000s\000i\000n\000g\000.\000f\000i\000n\000d\000\137\000o\000c\000c\000u\000r\000r\000e\000n\000c\000e\000s}{subsubsection*.784}% 266
\BOOKMARK [4][-]{paragraph*.803}{\376\377\000e\000p\000\137\000b\000o\000l\000f\000i\000.\000u\000t\000i\000l\000i\000t\000y\000.\000p\000r\000e\000p\000r\000o\000c\000e\000s\000s\000i\000n\000g\000.\000f\000i\000x\000\137\000p\000a\000r\000a\000m\000e\000t\000e\000r\000s}{subsubsection*.784}% 267
\BOOKMARK [4][-]{paragraph*.805}{\376\377\000e\000p\000\137\000b\000o\000l\000f\000i\000.\000u\000t\000i\000l\000i\000t\000y\000.\000p\000r\000e\000p\000r\000o\000c\000e\000s\000s\000i\000n\000g\000.\000l\000a\000p\000l\000a\000c\000e\000\137\000t\000r\000a\000n\000s\000f\000o\000r\000m}{subsubsection*.784}% 268
\BOOKMARK [4][-]{paragraph*.807}{\376\377\000e\000p\000\137\000b\000o\000l\000f\000i\000.\000u\000t\000i\000l\000i\000t\000y\000.\000p\000r\000e\000p\000r\000o\000c\000e\000s\000s\000i\000n\000g\000.\000p\000a\000r\000a\000l\000l\000e\000l\000\137\000s\000i\000m\000u\000l\000a\000t\000o\000r\000\137\000w\000i\000t\000h\000\137\000s\000e\000t\000u\000p}{subsubsection*.784}% 269
\BOOKMARK [4][-]{paragraph*.809}{\376\377\000e\000p\000\137\000b\000o\000l\000f\000i\000.\000u\000t\000i\000l\000i\000t\000y\000.\000p\000r\000e\000p\000r\000o\000c\000e\000s\000s\000i\000n\000g\000.\000p\000r\000e\000p\000a\000r\000e\000\137\000p\000a\000r\000a\000m\000e\000t\000e\000r\000\137\000c\000o\000m\000b\000i\000n\000a\000t\000i\000o\000n\000s}{subsubsection*.784}% 270
\BOOKMARK [4][-]{paragraph*.811}{\376\377\000e\000p\000\137\000b\000o\000l\000f\000i\000.\000u\000t\000i\000l\000i\000t\000y\000.\000p\000r\000e\000p\000r\000o\000c\000e\000s\000s\000i\000n\000g\000.\000s\000i\000m\000u\000l\000a\000t\000e\000\137\000a\000l\000l\000\137\000p\000a\000r\000a\000m\000e\000t\000e\000r\000\137\000c\000o\000m\000b\000i\000n\000a\000t\000i\000o\000n\000s}{subsubsection*.784}% 271
\BOOKMARK [4][-]{paragraph*.813}{\376\377\000e\000p\000\137\000b\000o\000l\000f\000i\000.\000u\000t\000i\000l\000i\000t\000y\000.\000p\000r\000e\000p\000r\000o\000c\000e\000s\000s\000i\000n\000g\000.\000s\000o\000l\000v\000e\000\137\000a\000l\000l\000\137\000p\000a\000r\000a\000m\000e\000t\000e\000r\000\137\000c\000o\000m\000b\000i\000n\000a\000t\000i\000o\000n\000s}{subsubsection*.784}% 272
\BOOKMARK [4][-]{paragraph*.815}{\376\377\000e\000p\000\137\000b\000o\000l\000f\000i\000.\000u\000t\000i\000l\000i\000t\000y\000.\000p\000r\000e\000p\000r\000o\000c\000e\000s\000s\000i\000n\000g\000.\000s\000u\000b\000t\000r\000a\000c\000t\000\137\000O\000C\000V\000\137\000c\000u\000r\000v\000e\000\137\000f\000r\000o\000m\000\137\000c\000y\000c\000l\000e\000s}{subsubsection*.784}% 273
\BOOKMARK [4][-]{paragraph*.817}{\376\377\000e\000p\000\137\000b\000o\000l\000f\000i\000.\000u\000t\000i\000l\000i\000t\000y\000.\000p\000r\000e\000p\000r\000o\000c\000e\000s\000s\000i\000n\000g\000.\000s\000u\000b\000t\000r\000a\000c\000t\000\137\000b\000o\000t\000h\000\137\000O\000C\000V\000\137\000c\000u\000r\000v\000e\000s\000\137\000f\000r\000o\000m\000\137\000c\000y\000c\000l\000e\000s}{subsubsection*.784}% 274
\BOOKMARK [4][-]{paragraph*.819}{\376\377\000e\000p\000\137\000b\000o\000l\000f\000i\000.\000u\000t\000i\000l\000i\000t\000y\000.\000p\000r\000e\000p\000r\000o\000c\000e\000s\000s\000i\000n\000g\000.\000S\000u\000b\000s\000t\000i\000t\000u\000t\000i\000o\000n\000D\000i\000c\000t}{subsubsection*.784}% 275
\BOOKMARK [3][-]{subsubsection*.833}{\376\377\000e\000p\000\137\000b\000o\000l\000f\000i\000.\000u\000t\000i\000l\000i\000t\000y\000.\000v\000i\000s\000u\000a\000l\000i\000z\000a\000t\000i\000o\000n}{subsection.2.1.4}% 276
\BOOKMARK [4][-]{paragraph*.834}{\376\377\000e\000p\000\137\000b\000o\000l\000f\000i\000.\000u\000t\000i\000l\000i\000t\000y\000.\000v\000i\000s\000u\000a\000l\000i\000z\000a\000t\000i\000o\000n\000.\000b\000o\000d\000e\000\137\000p\000l\000o\000t}{subsubsection*.833}% 277
\BOOKMARK [4][-]{paragraph*.836}{\376\377\000e\000p\000\137\000b\000o\000l\000f\000i\000.\000u\000t\000i\000l\000i\000t\000y\000.\000v\000i\000s\000u\000a\000l\000i\000z\000a\000t\000i\000o\000n\000.\000c\000c\000\137\000c\000v\000\137\000v\000i\000s\000u\000a\000l\000i\000z\000a\000t\000i\000o\000n}{subsubsection*.833}% 278
\BOOKMARK [4][-]{paragraph*.838}{\376\377\000e\000p\000\137\000b\000o\000l\000f\000i\000.\000u\000t\000i\000l\000i\000t\000y\000.\000v\000i\000s\000u\000a\000l\000i\000z\000a\000t\000i\000o\000n\000.\000c\000o\000l\000o\000r\000l\000i\000n\000e}{subsubsection*.833}% 279
\BOOKMARK [4][-]{paragraph*.840}{\376\377\000e\000p\000\137\000b\000o\000l\000f\000i\000.\000u\000t\000i\000l\000i\000t\000y\000.\000v\000i\000s\000u\000a\000l\000i\000z\000a\000t\000i\000o\000n\000.\000f\000i\000t\000\137\000a\000n\000d\000\137\000p\000l\000o\000t\000\137\000O\000C\000V}{subsubsection*.833}% 280
\BOOKMARK [4][-]{paragraph*.842}{\376\377\000e\000p\000\137\000b\000o\000l\000f\000i\000.\000u\000t\000i\000l\000i\000t\000y\000.\000v\000i\000s\000u\000a\000l\000i\000z\000a\000t\000i\000o\000n\000.\000i\000n\000t\000e\000r\000a\000c\000t\000i\000v\000e\000\137\000i\000m\000p\000e\000d\000a\000n\000c\000e\000\137\000m\000o\000d\000e\000l}{subsubsection*.833}% 281
\BOOKMARK [4][-]{paragraph*.844}{\376\377\000e\000p\000\137\000b\000o\000l\000f\000i\000.\000u\000t\000i\000l\000i\000t\000y\000.\000v\000i\000s\000u\000a\000l\000i\000z\000a\000t\000i\000o\000n\000.\000m\000a\000k\000e\000\137\000s\000e\000g\000m\000e\000n\000t\000s}{subsubsection*.833}% 282
\BOOKMARK [4][-]{paragraph*.846}{\376\377\000e\000p\000\137\000b\000o\000l\000f\000i\000.\000u\000t\000i\000l\000i\000t\000y\000.\000v\000i\000s\000u\000a\000l\000i\000z\000a\000t\000i\000o\000n\000.\000n\000y\000q\000u\000i\000s\000t\000\137\000p\000l\000o\000t}{subsubsection*.833}% 283
\BOOKMARK [4][-]{paragraph*.848}{\376\377\000e\000p\000\137\000b\000o\000l\000f\000i\000.\000u\000t\000i\000l\000i\000t\000y\000.\000v\000i\000s\000u\000a\000l\000i\000z\000a\000t\000i\000o\000n\000.\000p\000l\000o\000t\000\137\000I\000C\000A}{subsubsection*.833}% 284
\BOOKMARK [4][-]{paragraph*.850}{\376\377\000e\000p\000\137\000b\000o\000l\000f\000i\000.\000u\000t\000i\000l\000i\000t\000y\000.\000v\000i\000s\000u\000a\000l\000i\000z\000a\000t\000i\000o\000n\000.\000p\000l\000o\000t\000\137\000O\000C\000V\000\137\000f\000r\000o\000m\000\137\000C\000C\000\137\000C\000V}{subsubsection*.833}% 285
\BOOKMARK [4][-]{paragraph*.852}{\376\377\000e\000p\000\137\000b\000o\000l\000f\000i\000.\000u\000t\000i\000l\000i\000t\000y\000.\000v\000i\000s\000u\000a\000l\000i\000z\000a\000t\000i\000o\000n\000.\000p\000l\000o\000t\000\137\000c\000o\000m\000p\000a\000r\000i\000s\000o\000n}{subsubsection*.833}% 286
\BOOKMARK [4][-]{paragraph*.854}{\376\377\000e\000p\000\137\000b\000o\000l\000f\000i\000.\000u\000t\000i\000l\000i\000t\000y\000.\000v\000i\000s\000u\000a\000l\000i\000z\000a\000t\000i\000o\000n\000.\000p\000l\000o\000t\000\137\000m\000e\000a\000s\000u\000r\000e\000m\000e\000n\000t}{subsubsection*.833}% 287
\BOOKMARK [4][-]{paragraph*.856}{\376\377\000e\000p\000\137\000b\000o\000l\000f\000i\000.\000u\000t\000i\000l\000i\000t\000y\000.\000v\000i\000s\000u\000a\000l\000i\000z\000a\000t\000i\000o\000n\000.\000p\000u\000s\000h\000\137\000a\000p\000a\000r\000t\000\137\000t\000e\000x\000t}{subsubsection*.833}% 288
\BOOKMARK [4][-]{paragraph*.858}{\376\377\000e\000p\000\137\000b\000o\000l\000f\000i\000.\000u\000t\000i\000l\000i\000t\000y\000.\000v\000i\000s\000u\000a\000l\000i\000z\000a\000t\000i\000o\000n\000.\000s\000e\000t\000\137\000f\000o\000n\000t\000s\000i\000z\000e}{subsubsection*.833}% 289
\BOOKMARK [4][-]{paragraph*.860}{\376\377\000e\000p\000\137\000b\000o\000l\000f\000i\000.\000u\000t\000i\000l\000i\000t\000y\000.\000v\000i\000s\000u\000a\000l\000i\000z\000a\000t\000i\000o\000n\000.\000u\000p\000d\000a\000t\000e\000\137\000l\000e\000g\000e\000n\000d}{subsubsection*.833}% 290
\BOOKMARK [4][-]{paragraph*.862}{\376\377\000e\000p\000\137\000b\000o\000l\000f\000i\000.\000u\000t\000i\000l\000i\000t\000y\000.\000v\000i\000s\000u\000a\000l\000i\000z\000a\000t\000i\000o\000n\000.\000u\000p\000d\000a\000t\000e\000\137\000l\000i\000m\000i\000t\000s}{subsubsection*.833}% 291
\BOOKMARK [4][-]{paragraph*.864}{\376\377\000e\000p\000\137\000b\000o\000l\000f\000i\000.\000u\000t\000i\000l\000i\000t\000y\000.\000v\000i\000s\000u\000a\000l\000i\000z\000a\000t\000i\000o\000n\000.\000v\000i\000s\000u\000a\000l\000i\000z\000e\000\137\000c\000o\000r\000r\000e\000l\000a\000t\000i\000o\000n}{subsubsection*.833}% 292
\BOOKMARK [0][-]{chapter.3}{\376\377\000C\000o\000n\000t\000r\000i\000b\000u\000t\000i\000n\000g}{}% 293
\BOOKMARK [0][-]{section*.866}{\376\377\000P\000y\000t\000h\000o\000n\000\040\000M\000o\000d\000u\000l\000e\000\040\000I\000n\000d\000e\000x}{}% 294
\BOOKMARK [0][-]{section*.867}{\376\377\000I\000n\000d\000e\000x}{}% 295
